{
  "stats": {
    "suites": 1,
    "tests": 3,
    "passes": 2,
    "pending": 0,
    "failures": 1,
    "start": "2023-11-06T07:17:55.599Z",
    "end": "2023-11-06T07:18:09.131Z",
    "duration": 13532,
    "testsRegistered": 3,
    "passPercent": 66.66666666666666,
    "pendingPercent": 0,
    "other": 0,
    "hasOther": false,
    "skipped": 0,
    "hasSkipped": false
  },
  "results": [
    {
      "uuid": "5090a248-1a86-4e5c-872a-136ce1043f9a",
      "title": "",
      "fullFile": "cypress/e2e/3-specs/02.HomePage.cy.js",
      "file": "cypress/e2e/3-specs/02.HomePage.cy.js",
      "beforeHooks": [],
      "afterHooks": [],
      "tests": [],
      "suites": [
        {
          "uuid": "dca71113-c03c-4903-bf57-b599b2273143",
          "title": "HomePage",
          "fullFile": "",
          "file": "",
          "beforeHooks": [],
          "afterHooks": [],
          "tests": [
            {
              "title": "Apply filters and sort",
              "fullTitle": "HomePage Apply filters and sort",
              "timedOut": null,
              "duration": 7182,
              "state": "failed",
              "speed": null,
              "pass": false,
              "fail": true,
              "pending": false,
              "context": null,
              "code": "cy.get('[data-test=\"sort\"]').select(\"Name (A - Z)\");\ncy.get(\".ngx-slider-model-high\").contains(\"100\");\ncy.get(\".ngx-slider-full-bar > .ngx-slider-span\").click({\n  multiple: true,\n  force: true\n});\ncy.get(\".ngx-slider-model-high\").should(\"contain\", \"100\");\ncy.get(\":nth-child(13) > ul > :nth-child(1) > label\").click();\ncy.get(\":nth-child(13) > ul > :nth-child(2) > label\").click();\ncy.get(\":nth-child(14) > ul > :nth-child(1) > label\").click();\ncy.get(\":nth-child(14) > ul > :nth-child(2) > label\").click();\ncy.get(\":nth-child(18) > label\").click();",
              "err": {
                "message": "AssertionError: Timed out retrying after 4000ms: expected '<span.ngx-slider-span.ngx-slider-bubble.ngx-slider-model-high>' to contain '100'",
                "estack": "AssertionError: Timed out retrying after 4000ms: expected '<span.ngx-slider-span.ngx-slider-bubble.ngx-slider-model-high>' to contain '100'\n    at Context.eval (webpack://cypress-test/./cypress/e2e/3-specs/02.HomePage.cy.js:13:37)",
                "diff": null
              },
              "uuid": "df082d61-eaad-4862-b074-65a5b4491961",
              "parentUUID": "dca71113-c03c-4903-bf57-b599b2273143",
              "isHook": false,
              "skipped": false
            },
            {
              "title": "Should be able to press on first product and go back",
              "fullTitle": "HomePage Should be able to press on first product and go back",
              "timedOut": null,
              "duration": 2704,
              "state": "passed",
              "speed": "fast",
              "pass": true,
              "fail": false,
              "pending": false,
              "context": null,
              "code": "var ids = [];\ncy.get('[data-test*=\"product\"]').then($elements => {\n  $elements.each((index, element) => {\n    const productId = Cypress.$(element).attr(\"data-test\");\n    ids.push(productId);\n  });\n  /* eslint-disable */\n  console.log(...oo_oo(`2041321438_27_6_27_22_4`, ids));\n  cy.get(`[data-test=\"${ids[0]}\"] > .card-img-wrapper > .card-img-top`).click();\n  cy.go(\"back\");\n  cy.get(`[data-test=\"${ids[0]}\"] > .card-img-wrapper > .card-img-top`).should(\"be.visible\");\n});",
              "err": {},
              "uuid": "74c4a298-c6c7-440b-8676-12a7cf2c003c",
              "parentUUID": "dca71113-c03c-4903-bf57-b599b2273143",
              "isHook": false,
              "skipped": false
            },
            {
              "title": "Should be able to navigate between pages",
              "fullTitle": "HomePage Should be able to navigate between pages",
              "timedOut": null,
              "duration": 2766,
              "state": "passed",
              "speed": "fast",
              "pass": true,
              "fail": false,
              "pending": false,
              "context": null,
              "code": "cy.get(\".ngx-pagination > :nth-child(4) > a\").click();\ncy.get(\".ngx-pagination > :nth-child(5) > a\").click();\ncy.get(\".ngx-pagination > :nth-child(3) > a\").click();",
              "err": {},
              "uuid": "92323eeb-28c8-4ec1-938f-9cabb5043762",
              "parentUUID": "dca71113-c03c-4903-bf57-b599b2273143",
              "isHook": false,
              "skipped": false
            }
          ],
          "suites": [],
          "passes": [
            "74c4a298-c6c7-440b-8676-12a7cf2c003c",
            "92323eeb-28c8-4ec1-938f-9cabb5043762"
          ],
          "failures": [
            "df082d61-eaad-4862-b074-65a5b4491961"
          ],
          "pending": [],
          "skipped": [],
          "duration": 12652,
          "root": false,
          "rootEmpty": false,
          "_timeout": 2000
        }
      ],
      "passes": [],
      "failures": [],
      "pending": [],
      "skipped": [],
      "duration": 0,
      "root": true,
      "rootEmpty": true,
      "_timeout": 2000
    }
  ],
  "meta": {
    "mocha": {
      "version": "7.0.1"
    },
    "mochawesome": {
      "options": {
        "quiet": false,
        "reportFilename": "mochawesome",
        "saveHtml": false,
        "saveJson": true,
        "consoleReporter": "spec",
        "useInlineDiffs": false,
        "code": true
      },
      "version": "7.1.3"
    },
    "marge": {
      "options": {
        "id": "default",
        "reportDir": "cypress/reports/mocha",
        "quite": true,
        "overwrite": false,
        "html": false,
        "json": true
      },
      "version": "6.2.0"
    }
  }
}