{
  "stats": {
    "suites": 1,
    "tests": 4,
    "passes": 3,
    "pending": 0,
    "failures": 1,
    "start": "2023-11-06T07:18:09.919Z",
    "end": "2023-11-06T07:18:34.826Z",
    "duration": 24907,
    "testsRegistered": 4,
    "passPercent": 75,
    "pendingPercent": 0,
    "other": 0,
    "hasOther": false,
    "skipped": 0,
    "hasSkipped": false
  },
  "results": [
    {
      "uuid": "32946728-61cd-4034-b697-88d36ae030b7",
      "title": "",
      "fullFile": "cypress/e2e/3-specs/03.Account.cy.js",
      "file": "cypress/e2e/3-specs/03.Account.cy.js",
      "beforeHooks": [],
      "afterHooks": [],
      "tests": [],
      "suites": [
        {
          "uuid": "c477542c-d15c-484d-90d1-07c039ecaa5b",
          "title": "Account",
          "fullFile": "",
          "file": "",
          "beforeHooks": [],
          "afterHooks": [],
          "tests": [
            {
              "title": "Register",
              "fullTitle": "Account Register",
              "timedOut": null,
              "duration": 5814,
              "state": "passed",
              "speed": "medium",
              "pass": true,
              "fail": false,
              "pending": false,
              "context": null,
              "code": "cy.get('[data-test=\"nav-sign-in\"]').click();\ncy.get('[data-test=\"register-link\"]').click();\ncy.get('[data-test=\"first-name\"]').type(\"Doe\");\ncy.get('[data-test=\"last-name\"]').type(\"John\");\ncy.get('[data-test=\"dob\"]').type(\"1999-10-22\");\ncy.get('[data-test=\"address\"]').type(\"Street test, 10\");\ncy.get('[data-test=\"postcode\"]').type(\"910021\");\ncy.get('[data-test=\"city\"]').type(\"TestCity\");\ncy.get('[data-test=\"state\"]').type(\"TestState\");\ncy.get('[data-test=\"country\"]').select(\"Romania\");\ncy.get('[data-test=\"phone\"]').type(\"0700000000\");\ncy.get('[data-test=\"email\"]').type(\"John.Doe.Demo.Vlad@example.com\");\ncy.get('[data-test=\"password\"]').type(\"JohnDoePass\");\ncy.get('[data-test=\"register-submit\"]').click();",
              "err": {},
              "uuid": "4260442b-ae18-482a-8720-180c4000cb82",
              "parentUUID": "c477542c-d15c-484d-90d1-07c039ecaa5b",
              "isHook": false,
              "skipped": false
            },
            {
              "title": "Register -> This email address already exists.",
              "fullTitle": "Account Register -> This email address already exists.",
              "timedOut": null,
              "duration": 9297,
              "state": "failed",
              "speed": null,
              "pass": false,
              "fail": true,
              "pending": false,
              "context": null,
              "code": "cy.get('[data-test=\"nav-sign-in\"]').click();\ncy.get('[data-test=\"register-link\"]').click();\ncy.get('[data-test=\"first-name\"]').type(\"Doe\");\ncy.get('[data-test=\"last-name\"]').type(\"John\");\ncy.get('[data-test=\"dob\"]').type(\"1999-10-22\");\ncy.get('[data-test=\"address\"]').type(\"Street test, 10\");\ncy.get('[data-test=\"postcode\"]').type(\"910021\");\ncy.get('[data-test=\"city\"]').type(\"TestCity\");\ncy.get('[data-test=\"state\"]').type(\"TestState\");\ncy.get('[data-test=\"country\"]').select(\"Romania\");\ncy.get('[data-test=\"phone\"]').type(\"0700000000\");\ncy.get('[data-test=\"email\"]').type(\"John.Doe.Demo.Vlad@example.com\");\ncy.get('[data-test=\"password\"]').type(\"JohnDoePass\");\ncy.get('[data-test=\"register-submit\"]').click();\ncy.get('[data-test=\"register-error\"]').should(\"be.visible\");",
              "err": {
                "message": "AssertionError: Timed out retrying after 4000ms: Expected to find element: `[data-test=\"register-error\"]`, but never found it.",
                "estack": "AssertionError: Timed out retrying after 4000ms: Expected to find element: `[data-test=\"register-error\"]`, but never found it.\n    at Context.eval (webpack://cypress-test/./cypress/e2e/3-specs/03.Account.cy.js:37:43)",
                "diff": null
              },
              "uuid": "c666182e-6f7c-43f5-9787-b34f83bd34b6",
              "parentUUID": "c477542c-d15c-484d-90d1-07c039ecaa5b",
              "isHook": false,
              "skipped": false
            },
            {
              "title": "Login wrong account",
              "fullTitle": "Account Login wrong account",
              "timedOut": null,
              "duration": 3972,
              "state": "passed",
              "speed": "fast",
              "pass": true,
              "fail": false,
              "pending": false,
              "context": null,
              "code": "cy.get('[data-test=\"nav-sign-in\"]').click();\ncy.get('[data-test=\"email\"]').type(\"John.Doe@example.com\");\ncy.get('[data-test=\"password\"]').type(\"JohnDoe\");\ncy.get('[data-test=\"login-submit\"]').click();\ncy.get('[data-test=\"login-error\"]').should(\"be.visible\");",
              "err": {},
              "uuid": "9da52d35-b1b8-43ba-a8ec-e0f1df900403",
              "parentUUID": "c477542c-d15c-484d-90d1-07c039ecaa5b",
              "isHook": false,
              "skipped": false
            },
            {
              "title": "Login real account and Sign Out",
              "fullTitle": "Account Login real account and Sign Out",
              "timedOut": null,
              "duration": 4946,
              "state": "passed",
              "speed": "fast",
              "pass": true,
              "fail": false,
              "pending": false,
              "context": null,
              "code": "cy.login();\ncy.get('[data-test=\"nav-user-menu\"]').click();\ncy.get('[data-test=\"nav-sign-out\"]').click();",
              "err": {},
              "uuid": "a7b00736-f39d-4bca-9e22-b3c187ce7a5f",
              "parentUUID": "c477542c-d15c-484d-90d1-07c039ecaa5b",
              "isHook": false,
              "skipped": false
            }
          ],
          "suites": [],
          "passes": [
            "4260442b-ae18-482a-8720-180c4000cb82",
            "9da52d35-b1b8-43ba-a8ec-e0f1df900403",
            "a7b00736-f39d-4bca-9e22-b3c187ce7a5f"
          ],
          "failures": [
            "c666182e-6f7c-43f5-9787-b34f83bd34b6"
          ],
          "pending": [],
          "skipped": [],
          "duration": 24029,
          "root": false,
          "rootEmpty": false,
          "_timeout": 2000
        }
      ],
      "passes": [],
      "failures": [],
      "pending": [],
      "skipped": [],
      "duration": 0,
      "root": true,
      "rootEmpty": true,
      "_timeout": 2000
    }
  ],
  "meta": {
    "mocha": {
      "version": "7.0.1"
    },
    "mochawesome": {
      "options": {
        "quiet": false,
        "reportFilename": "mochawesome",
        "saveHtml": false,
        "saveJson": true,
        "consoleReporter": "spec",
        "useInlineDiffs": false,
        "code": true
      },
      "version": "7.1.3"
    },
    "marge": {
      "options": {
        "id": "default",
        "reportDir": "cypress/reports/mocha",
        "quite": true,
        "overwrite": false,
        "html": false,
        "json": true
      },
      "version": "6.2.0"
    }
  }
}