{
  "stats": {
    "suites": 1,
    "tests": 1,
    "passes": 1,
    "pending": 0,
    "failures": 0,
    "start": "2023-11-06T07:19:28.554Z",
    "end": "2023-11-06T07:19:38.229Z",
    "duration": 9675,
    "testsRegistered": 1,
    "passPercent": 100,
    "pendingPercent": 0,
    "other": 0,
    "hasOther": false,
    "skipped": 0,
    "hasSkipped": false
  },
  "results": [
    {
      "uuid": "a2200b2d-97da-48a0-aaca-962de8af654e",
      "title": "",
      "fullFile": "cypress/e2e/3-specs/06.PlaceAnOrder.cy.js",
      "file": "cypress/e2e/3-specs/06.PlaceAnOrder.cy.js",
      "beforeHooks": [],
      "afterHooks": [],
      "tests": [],
      "suites": [
        {
          "uuid": "928958bd-3acb-4dfa-bd25-2f3c01b9f5f2",
          "title": "HomePage",
          "fullFile": "",
          "file": "",
          "beforeHooks": [],
          "afterHooks": [],
          "tests": [
            {
              "title": "Can place an order",
              "fullTitle": "HomePage Can place an order",
              "timedOut": null,
              "duration": 8770,
              "state": "passed",
              "speed": "medium",
              "pass": true,
              "fail": false,
              "pending": false,
              "context": null,
              "code": "cy.login();\ncy.visit(\"https://practicesoftwaretesting.com/#/\");\ncy.get(`[data-test=\"${ids[0]}\"] > .card-img-wrapper > .card-img-top`).click();\ncy.get('[data-test=\"add-to-cart\"]').click();\ncy.get('[data-test=\"nav-cart\"] > .fa').click();\ncy.get('[data-test=\"proceed-1\"]').click();\ncy.get('[data-test=\"proceed-2\"]').click();\ncy.get('[data-test=\"proceed-3\"]').click();\ncy.get('[data-test=\"payment-method\"]').select(\"Gift Card\");\ncy.get('[data-test=\"account-name\"]').type(\"John Doe\");\ncy.get('[data-test=\"account-number\"]').type(\"John Doe\");\ncy.get('[data-test=\"finish\"]').click();\ncy.get(\".help-block\").should(\"contain\", \"Payment was successful\");",
              "err": {},
              "uuid": "099ac49b-dfe1-43bc-9a84-e693be9af803",
              "parentUUID": "928958bd-3acb-4dfa-bd25-2f3c01b9f5f2",
              "isHook": false,
              "skipped": false
            }
          ],
          "suites": [],
          "passes": [
            "099ac49b-dfe1-43bc-9a84-e693be9af803"
          ],
          "failures": [],
          "pending": [],
          "skipped": [],
          "duration": 8770,
          "root": false,
          "rootEmpty": false,
          "_timeout": 2000
        }
      ],
      "passes": [],
      "failures": [],
      "pending": [],
      "skipped": [],
      "duration": 0,
      "root": true,
      "rootEmpty": true,
      "_timeout": 2000
    }
  ],
  "meta": {
    "mocha": {
      "version": "7.0.1"
    },
    "mochawesome": {
      "options": {
        "quiet": false,
        "reportFilename": "mochawesome",
        "saveHtml": false,
        "saveJson": true,
        "consoleReporter": "spec",
        "useInlineDiffs": false,
        "code": true
      },
      "version": "7.1.3"
    },
    "marge": {
      "options": {
        "id": "default",
        "reportDir": "cypress/reports/mocha",
        "quite": true,
        "overwrite": false,
        "html": false,
        "json": true
      },
      "version": "6.2.0"
    }
  }
}