{
  "stats": {
    "suites": 1,
    "tests": 6,
    "passes": 6,
    "pending": 0,
    "failures": 0,
    "start": "2023-10-19T20:57:23.406Z",
    "end": "2023-10-19T20:57:54.671Z",
    "duration": 31265,
    "testsRegistered": 6,
    "passPercent": 100,
    "pendingPercent": 0,
    "other": 0,
    "hasOther": false,
    "skipped": 0,
    "hasSkipped": false
  },
  "results": [
    {
      "uuid": "e6802bc5-e481-4b05-97ac-955f517fd04e",
      "title": "",
      "fullFile": "cypress/e2e/3-specs/04.Contact.cy.js",
      "file": "cypress/e2e/3-specs/04.Contact.cy.js",
      "beforeHooks": [],
      "afterHooks": [],
      "tests": [],
      "suites": [
        {
          "uuid": "ed6b61b6-cb7b-448b-ad28-31cdefe067c6",
          "title": "Contact",
          "fullFile": "",
          "file": "",
          "beforeHooks": [],
          "afterHooks": [],
          "tests": [
            {
              "title": "Message shorther",
              "fullTitle": "Contact Message shorther",
              "timedOut": null,
              "duration": 4194,
              "state": "passed",
              "speed": "fast",
              "pass": true,
              "fail": false,
              "pending": false,
              "context": null,
              "code": "cy.get('[data-test=\"first-name\"]').type(\"Doe\");\ncy.get('[data-test=\"last-name\"]').type(\"John\");\ncy.get('[data-test=\"email\"]').type(\"John.Doe@example.com\");\ncy.get('[data-test=\"subject\"]').select(\"Webmaster\");\ncy.get('[data-test=\"message\"]').type(\"This is a test message.\\n Ignore it.\");\ncy.get('[data-test=\"contact-submit\"]').click();\ncy.get('[data-test=\"message-error\"]').should(\"contain\", \"Message must be minimal 50 characters\");",
              "err": {},
              "uuid": "801369c8-e2e0-4838-9daa-ed5f0346065d",
              "parentUUID": "ed6b61b6-cb7b-448b-ad28-31cdefe067c6",
              "isHook": false,
              "skipped": false
            },
            {
              "title": "No firstname",
              "fullTitle": "Contact No firstname",
              "timedOut": null,
              "duration": 4795,
              "state": "passed",
              "speed": "fast",
              "pass": true,
              "fail": false,
              "pending": false,
              "context": null,
              "code": "cy.get('[data-test=\"last-name\"]').type(\"John\");\ncy.get('[data-test=\"email\"]').type(\"John.Doe@example.com\");\ncy.get('[data-test=\"subject\"]').select(\"Webmaster\");\ncy.get('[data-test=\"message\"]').type(\"This is a test message.\\n Ignore it.\\n Lorem ipsum dolor sit amet, consectetur adipiscing elit. Ut nisl arcu, mattis vel ex in, interdum dictum metus.\");\ncy.get('[data-test=\"contact-submit\"]').click();\ncy.get('[data-test=\"first-name-error\"]').should(\"be.visible\");",
              "err": {},
              "uuid": "d3717521-1c90-4667-92d9-b468c8ebe208",
              "parentUUID": "ed6b61b6-cb7b-448b-ad28-31cdefe067c6",
              "isHook": false,
              "skipped": false
            },
            {
              "title": "No lastName",
              "fullTitle": "Contact No lastName",
              "timedOut": null,
              "duration": 4759,
              "state": "passed",
              "speed": "fast",
              "pass": true,
              "fail": false,
              "pending": false,
              "context": null,
              "code": "cy.get('[data-test=\"first-name\"]').type(\"Doe\");\ncy.get('[data-test=\"email\"]').type(\"John.Doe@example.com\");\ncy.get('[data-test=\"subject\"]').select(\"Webmaster\");\ncy.get('[data-test=\"message\"]').type(\"This is a test message.\\n Ignore it.\\n Lorem ipsum dolor sit amet, consectetur adipiscing elit. Ut nisl arcu, mattis vel ex in, interdum dictum metus.\");\ncy.get('[data-test=\"contact-submit\"]').click();\ncy.get('[data-test=\"last-name-error\"]').should(\"be.visible\");",
              "err": {},
              "uuid": "50467b4f-2daf-49cf-9e62-7d2f8a7ef89a",
              "parentUUID": "ed6b61b6-cb7b-448b-ad28-31cdefe067c6",
              "isHook": false,
              "skipped": false
            },
            {
              "title": "No email",
              "fullTitle": "Contact No email",
              "timedOut": null,
              "duration": 5070,
              "state": "passed",
              "speed": "medium",
              "pass": true,
              "fail": false,
              "pending": false,
              "context": null,
              "code": "cy.get('[data-test=\"first-name\"]').type(\"Doe\");\ncy.get('[data-test=\"last-name\"]').type(\"John\");\ncy.get('[data-test=\"subject\"]').select(\"Webmaster\");\ncy.get('[data-test=\"message\"]').type(\"This is a test message.\\n Ignore it.\\n Lorem ipsum dolor sit amet, consectetur adipiscing elit. Ut nisl arcu, mattis vel ex in, interdum dictum metus.\");\ncy.get('[data-test=\"contact-submit\"]').click();\ncy.get('[data-test=\"email-error\"]').should(\"be.visible\");",
              "err": {},
              "uuid": "e5676dd7-87c5-4f8a-af08-f4f4bc054261",
              "parentUUID": "ed6b61b6-cb7b-448b-ad28-31cdefe067c6",
              "isHook": false,
              "skipped": false
            },
            {
              "title": "No subject",
              "fullTitle": "Contact No subject",
              "timedOut": null,
              "duration": 5216,
              "state": "passed",
              "speed": "medium",
              "pass": true,
              "fail": false,
              "pending": false,
              "context": null,
              "code": "cy.get('[data-test=\"first-name\"]').type(\"Doe\");\ncy.get('[data-test=\"last-name\"]').type(\"John\");\ncy.get('[data-test=\"email\"]').type(\"John.Doe@example.com\");\ncy.get('[data-test=\"message\"]').type(\"This is a test message.\\n Ignore it.\\n Lorem ipsum dolor sit amet, consectetur adipiscing elit. Ut nisl arcu, mattis vel ex in, interdum dictum metus.\");\ncy.get('[data-test=\"contact-submit\"]').click();\ncy.get('[data-test=\"subject-error\"]').should(\"be.visible\");",
              "err": {},
              "uuid": "70fdcf62-a231-4e70-8396-311a18eedb7d",
              "parentUUID": "ed6b61b6-cb7b-448b-ad28-31cdefe067c6",
              "isHook": false,
              "skipped": false
            },
            {
              "title": "Shoud be able to send a message with contact form",
              "fullTitle": "Contact Shoud be able to send a message with contact form",
              "timedOut": null,
              "duration": 5756,
              "state": "passed",
              "speed": "medium",
              "pass": true,
              "fail": false,
              "pending": false,
              "context": null,
              "code": "cy.get('[data-test=\"first-name\"]').type(\"Doe\");\ncy.get('[data-test=\"last-name\"]').type(\"John\");\ncy.get('[data-test=\"email\"]').type(\"John.Doe@example.com\");\ncy.get('[data-test=\"subject\"]').select(\"Webmaster\");\ncy.get('[data-test=\"message\"]').type(\"This is a test message.\\n Ignore it.\\n Lorem ipsum dolor sit amet, consectetur adipiscing elit. Ut nisl arcu, mattis vel ex in, interdum dictum metus.\");\ncy.get('[data-test=\"contact-submit\"]').click();\ncy.get(\".alert\").should(\"contain\", \"Thanks for your message! We will contact you shortly.\");",
              "err": {},
              "uuid": "87fa8117-fa17-495e-b5f4-60e57d6d7398",
              "parentUUID": "ed6b61b6-cb7b-448b-ad28-31cdefe067c6",
              "isHook": false,
              "skipped": false
            }
          ],
          "suites": [],
          "passes": [
            "801369c8-e2e0-4838-9daa-ed5f0346065d",
            "d3717521-1c90-4667-92d9-b468c8ebe208",
            "50467b4f-2daf-49cf-9e62-7d2f8a7ef89a",
            "e5676dd7-87c5-4f8a-af08-f4f4bc054261",
            "70fdcf62-a231-4e70-8396-311a18eedb7d",
            "87fa8117-fa17-495e-b5f4-60e57d6d7398"
          ],
          "failures": [],
          "pending": [],
          "skipped": [],
          "duration": 29790,
          "root": false,
          "rootEmpty": false,
          "_timeout": 2000
        }
      ],
      "passes": [],
      "failures": [],
      "pending": [],
      "skipped": [],
      "duration": 0,
      "root": true,
      "rootEmpty": true,
      "_timeout": 2000
    }
  ],
  "meta": {
    "mocha": {
      "version": "7.0.1"
    },
    "mochawesome": {
      "options": {
        "quiet": false,
        "reportFilename": "mochawesome",
        "saveHtml": false,
        "saveJson": true,
        "consoleReporter": "spec",
        "useInlineDiffs": false,
        "code": true
      },
      "version": "7.1.3"
    },
    "marge": {
      "options": {
        "id": "default",
        "reportDir": "cypress/reports/mocha",
        "quite": true,
        "overwrite": false,
        "html": false,
        "json": true
      },
      "version": "6.2.0"
    }
  }
}