{
  "stats": {
    "suites": 1,
    "tests": 1,
    "passes": 0,
    "pending": 0,
    "failures": 1,
    "start": "2023-10-19T20:58:20.371Z",
    "end": "2023-10-19T20:58:31.122Z",
    "duration": 10751,
    "testsRegistered": 1,
    "passPercent": 0,
    "pendingPercent": 0,
    "other": 0,
    "hasOther": false,
    "skipped": 0,
    "hasSkipped": false
  },
  "results": [
    {
      "uuid": "55b08538-9e93-4124-bdd2-52027508d66e",
      "title": "",
      "fullFile": "cypress/e2e/3-specs/06.PlaceAnOrder.cy.js",
      "file": "cypress/e2e/3-specs/06.PlaceAnOrder.cy.js",
      "beforeHooks": [],
      "afterHooks": [],
      "tests": [],
      "suites": [
        {
          "uuid": "6b0ae3a0-8001-4ce5-a368-f7afea6c5be9",
          "title": "HomePage",
          "fullFile": "",
          "file": "",
          "beforeHooks": [],
          "afterHooks": [],
          "tests": [
            {
              "title": "Can place an order",
              "fullTitle": "HomePage Can place an order",
              "timedOut": null,
              "duration": 9450,
              "state": "failed",
              "speed": null,
              "pass": false,
              "fail": true,
              "pending": false,
              "context": null,
              "code": "cy.login();\ncy.visit(\"https://practicesoftwaretesting.com/#/\");\ncy.get(`[data-test=\"${ids[0]}\"] > .card-img-wrapper > .card-img-top`).click();\ncy.get('[data-test=\"add-to-cart\"]').click();\ncy.get('[data-test=\"nav-cart\"] > .fa').click();\ncy.get('[data-test=\"proceed-1\"]').click();\ncy.get('[data-test=\"proceed-2\"]').click();\ncy.get('[data-test=\"proceed-3\"]').click();\ncy.get('[data-test=\"payment-method\"]').select(\"Gift Card\");\ncy.get('[data-test=\"account-name\"]').type(\"John Doe\");\ncy.get('[data-test=\"account-number\"]').type(\"John Doe\");\ncy.get('[data-test=\"finish\"]').click();\ncy.get(\".help-block\").should(\"contain\", \"Payment was successful\");",
              "err": {
                "message": "AssertionError: Timed out retrying after 4000ms: Expected to find content: 'Doe John' within the element: <a#user-menu.nav-link.dropdown-toggle> but never did.",
                "estack": "AssertionError: Timed out retrying after 4000ms: Expected to find content: 'Doe John' within the element: <a#user-menu.nav-link.dropdown-toggle> but never did.\n    at Context.eval (webpack://cypress-test/./cypress/support/commands.js:20:40)",
                "diff": null
              },
              "uuid": "c46b9b9b-1de9-4747-9e5e-c1288dde340b",
              "parentUUID": "6b0ae3a0-8001-4ce5-a368-f7afea6c5be9",
              "isHook": false,
              "skipped": false
            }
          ],
          "suites": [],
          "passes": [],
          "failures": [
            "c46b9b9b-1de9-4747-9e5e-c1288dde340b"
          ],
          "pending": [],
          "skipped": [],
          "duration": 9450,
          "root": false,
          "rootEmpty": false,
          "_timeout": 2000
        }
      ],
      "passes": [],
      "failures": [],
      "pending": [],
      "skipped": [],
      "duration": 0,
      "root": true,
      "rootEmpty": true,
      "_timeout": 2000
    }
  ],
  "meta": {
    "mocha": {
      "version": "7.0.1"
    },
    "mochawesome": {
      "options": {
        "quiet": false,
        "reportFilename": "mochawesome",
        "saveHtml": false,
        "saveJson": true,
        "consoleReporter": "spec",
        "useInlineDiffs": false,
        "code": true
      },
      "version": "7.1.3"
    },
    "marge": {
      "options": {
        "id": "default",
        "reportDir": "cypress/reports/mocha",
        "quite": true,
        "overwrite": false,
        "html": false,
        "json": true
      },
      "version": "6.2.0"
    }
  }
}