{
  "stats": {
    "suites": 1,
    "tests": 6,
    "passes": 5,
    "pending": 0,
    "failures": 1,
    "start": "2023-11-06T07:19:07.064Z",
    "end": "2023-11-06T07:19:27.761Z",
    "duration": 20697,
    "testsRegistered": 6,
    "passPercent": 83.33333333333334,
    "pendingPercent": 0,
    "other": 0,
    "hasOther": false,
    "skipped": 0,
    "hasSkipped": false
  },
  "results": [
    {
      "uuid": "5d0973eb-9de6-4fc3-8bfd-9150d9d98260",
      "title": "",
      "fullFile": "cypress/e2e/3-specs/05.Product.cy.js",
      "file": "cypress/e2e/3-specs/05.Product.cy.js",
      "beforeHooks": [],
      "afterHooks": [],
      "tests": [],
      "suites": [
        {
          "uuid": "0a361188-4df0-480c-9038-acdfbcc834e4",
          "title": "HomePage",
          "fullFile": "",
          "file": "",
          "beforeHooks": [],
          "afterHooks": [],
          "tests": [
            {
              "title": "First Product must match description and name with backend",
              "fullTitle": "HomePage First Product must match description and name with backend",
              "timedOut": null,
              "duration": 3244,
              "state": "passed",
              "speed": "fast",
              "pass": true,
              "fail": false,
              "pending": false,
              "context": null,
              "code": "cy.get(`[data-test=\"${ids[0]}\"] > .card-img-wrapper > .card-img-top`).click();\nlet id = `${ids[0]}`.substring(8);\nlet response = await fetch(`https://api.practicesoftwaretesting.com/products/${id}`, {\n  cache: \"default\",\n  credentials: \"omit\",\n  headers: {\n    Accept: \"application/json, text/plain, */*\",\n    \"Accept-Language\": \"en-GB,en;q=0.9\",\n    \"Content-Type\": \"application/json\",\n    \"User-Agent\": \"Mozilla/5.0 (Macintosh; Intel Mac OS X 10_15_7) AppleWebKit/605.1.15 (KHTML, like Gecko) Version/17.0 Safari/605.1.15\"\n  },\n  method: \"GET\",\n  mode: \"cors\",\n  redirect: \"follow\",\n  referrer: \"https://practicesoftwaretesting.com/\",\n  referrerPolicy: \"strict-origin-when-cross-origin\"\n});\ncy.get('[data-test=\"product-name\"]').should(\"contain\", response.name);\ncy.get('[data-test=\"product-description\"]').should(\"contain\", response.description);",
              "err": {},
              "uuid": "ba8fd1d8-0b5e-4d7c-83f9-d9eb62dce621",
              "parentUUID": "0a361188-4df0-480c-9038-acdfbcc834e4",
              "isHook": false,
              "skipped": false
            },
            {
              "title": "Second Product must match description and name with backend",
              "fullTitle": "HomePage Second Product must match description and name with backend",
              "timedOut": null,
              "duration": 2563,
              "state": "passed",
              "speed": "fast",
              "pass": true,
              "fail": false,
              "pending": false,
              "context": null,
              "code": "cy.get(`[data-test=\"${ids[1]}\"] > .card-img-wrapper > .card-img-top`).click();\nlet id = `${ids[1]}`.substring(8);\nlet response = await fetch(`https://api.practicesoftwaretesting.com/products/${id}`, {\n  cache: \"default\",\n  credentials: \"omit\",\n  headers: {\n    Accept: \"application/json, text/plain, */*\",\n    \"Accept-Language\": \"en-GB,en;q=0.9\",\n    \"Content-Type\": \"application/json\",\n    \"User-Agent\": \"Mozilla/5.0 (Macintosh; Intel Mac OS X 10_15_7) AppleWebKit/605.1.15 (KHTML, like Gecko) Version/17.0 Safari/605.1.15\"\n  },\n  method: \"GET\",\n  mode: \"cors\",\n  redirect: \"follow\",\n  referrer: \"https://practicesoftwaretesting.com/\",\n  referrerPolicy: \"strict-origin-when-cross-origin\"\n});\ncy.get('[data-test=\"product-name\"]').should(\"contain\", response.name);\ncy.get('[data-test=\"product-description\"]').should(\"contain\", response.description);",
              "err": {},
              "uuid": "180f8ebd-2995-4807-81f5-9803c143997d",
              "parentUUID": "0a361188-4df0-480c-9038-acdfbcc834e4",
              "isHook": false,
              "skipped": false
            },
            {
              "title": "Can increase/decrease quantity of product",
              "fullTitle": "HomePage Can increase/decrease quantity of product",
              "timedOut": null,
              "duration": 157,
              "state": "failed",
              "speed": null,
              "pass": false,
              "fail": true,
              "pending": false,
              "context": null,
              "code": "cy.get(`[data-test=\"${ids[0]}\"] > .card-img-wrapper > .card-img-top`).click();\ncy.get('[data-test=\"increase-quantity\"]').click();\ncy.get('[data-test=\"increase-quantity\"]').click();\ncy.get('[data-test=\"quantity\"]').should(\"have.value\", 3);\ncy.get('[data-test=\"decrease-quantity\"]').click();\ncy.get('[data-test=\"quantity\"]').should(\"have.value\", 2);",
              "err": {
                "message": "TypeError: Cannot read properties of undefined (reading 'each')",
                "estack": "TypeError: Cannot read properties of undefined (reading 'each')\n    at Context.eval (webpack://cypress-test/./cypress/e2e/3-specs/05.Product.cy.js:7:16)",
                "diff": null
              },
              "uuid": "dcaa8af6-8c47-408c-bb26-42c27618e29a",
              "parentUUID": "0a361188-4df0-480c-9038-acdfbcc834e4",
              "isHook": false,
              "skipped": false
            },
            {
              "title": "Can add product to cart",
              "fullTitle": "HomePage Can add product to cart",
              "timedOut": null,
              "duration": 3495,
              "state": "passed",
              "speed": "fast",
              "pass": true,
              "fail": false,
              "pending": false,
              "context": null,
              "code": "cy.get(`[data-test=\"${ids[0]}\"] > .card-img-wrapper > .card-img-top`).click();\ncy.get('[data-test=\"add-to-cart\"]').click();\ncy.get(\".toast-body\").should(\"contain\", \"Product added to shopping cart.\");",
              "err": {},
              "uuid": "097f00be-3b03-4308-aa48-c3b03a744aa3",
              "parentUUID": "0a361188-4df0-480c-9038-acdfbcc834e4",
              "isHook": false,
              "skipped": false
            },
            {
              "title": "Can't add product to favourites (Not Loged In)",
              "fullTitle": "HomePage Can't add product to favourites (Not Loged In)",
              "timedOut": null,
              "duration": 3625,
              "state": "passed",
              "speed": "fast",
              "pass": true,
              "fail": false,
              "pending": false,
              "context": null,
              "code": "cy.get(`[data-test=\"${ids[0]}\"] > .card-img-wrapper > .card-img-top`).click();\ncy.get('[data-test=\"add-to-favorites\"]').click();\ncy.get(\".toast-body\").should(\"contain\", \"Unauthorized, can not add product to your favorite list.\");",
              "err": {},
              "uuid": "5dfc2474-7b31-4806-9517-f5bbe1736b01",
              "parentUUID": "0a361188-4df0-480c-9038-acdfbcc834e4",
              "isHook": false,
              "skipped": false
            },
            {
              "title": "Can add product to favourites",
              "fullTitle": "HomePage Can add product to favourites",
              "timedOut": null,
              "duration": 6526,
              "state": "passed",
              "speed": "medium",
              "pass": true,
              "fail": false,
              "pending": false,
              "context": null,
              "code": "cy.login();\ncy.visit(\"https://practicesoftwaretesting.com/#/\");\ncy.get(`[data-test=\"${ids[0]}\"] > .card-img-wrapper > .card-img-top`).click();\ncy.get('[data-test=\"add-to-favorites\"]').click();\ncy.get(\".toast-body\").should(\"contain\", \"favorite\");",
              "err": {},
              "uuid": "d066f043-42a2-4587-b70e-cb974ab62cc8",
              "parentUUID": "0a361188-4df0-480c-9038-acdfbcc834e4",
              "isHook": false,
              "skipped": false
            }
          ],
          "suites": [],
          "passes": [
            "ba8fd1d8-0b5e-4d7c-83f9-d9eb62dce621",
            "180f8ebd-2995-4807-81f5-9803c143997d",
            "097f00be-3b03-4308-aa48-c3b03a744aa3",
            "5dfc2474-7b31-4806-9517-f5bbe1736b01",
            "d066f043-42a2-4587-b70e-cb974ab62cc8"
          ],
          "failures": [
            "dcaa8af6-8c47-408c-bb26-42c27618e29a"
          ],
          "pending": [],
          "skipped": [],
          "duration": 19610,
          "root": false,
          "rootEmpty": false,
          "_timeout": 2000
        }
      ],
      "passes": [],
      "failures": [],
      "pending": [],
      "skipped": [],
      "duration": 0,
      "root": true,
      "rootEmpty": true,
      "_timeout": 2000
    }
  ],
  "meta": {
    "mocha": {
      "version": "7.0.1"
    },
    "mochawesome": {
      "options": {
        "quiet": false,
        "reportFilename": "mochawesome",
        "saveHtml": false,
        "saveJson": true,
        "consoleReporter": "spec",
        "useInlineDiffs": false,
        "code": true
      },
      "version": "7.1.3"
    },
    "marge": {
      "options": {
        "id": "default",
        "reportDir": "cypress/reports/mocha",
        "quite": true,
        "overwrite": false,
        "html": false,
        "json": true
      },
      "version": "6.2.0"
    }
  }
}