{
  "stats": {
    "suites": 1,
    "tests": 7,
    "passes": 7,
    "pending": 0,
    "failures": 0,
    "start": "2023-11-06T07:17:35.882Z",
    "end": "2023-11-06T07:17:54.774Z",
    "duration": 18892,
    "testsRegistered": 7,
    "passPercent": 100,
    "pendingPercent": 0,
    "other": 0,
    "hasOther": false,
    "skipped": 0,
    "hasSkipped": false
  },
  "results": [
    {
      "uuid": "f8dd86f9-196d-4561-a179-6ffa3a0470b0",
      "title": "",
      "fullFile": "cypress/e2e/3-specs/01.NavigationBar.cy.js",
      "file": "cypress/e2e/3-specs/01.NavigationBar.cy.js",
      "beforeHooks": [],
      "afterHooks": [],
      "tests": [],
      "suites": [
        {
          "uuid": "c0528459-e778-4f85-8ccb-a623d3144a6e",
          "title": "Navigation Bar",
          "fullFile": "",
          "file": "",
          "beforeHooks": [],
          "afterHooks": [],
          "tests": [
            {
              "title": "Should be able to navigate to Home",
              "fullTitle": "Navigation Bar Should be able to navigate to Home",
              "timedOut": null,
              "duration": 2837,
              "state": "passed",
              "speed": "fast",
              "pass": true,
              "fail": false,
              "pending": false,
              "context": null,
              "code": "cy.get('[data-test=\"nav-home\"]').click();\ncy.url().should(\"include\", \"/#\");",
              "err": {},
              "uuid": "1ffc8b68-0431-4e16-9b7b-6dd021c22947",
              "parentUUID": "c0528459-e778-4f85-8ccb-a623d3144a6e",
              "isHook": false,
              "skipped": false
            },
            {
              "title": "Should be able to navigate to Hand Tools",
              "fullTitle": "Navigation Bar Should be able to navigate to Hand Tools",
              "timedOut": null,
              "duration": 2325,
              "state": "passed",
              "speed": "fast",
              "pass": true,
              "fail": false,
              "pending": false,
              "context": null,
              "code": "cy.get('[data-test=\"nav-categories\"]').click();\ncy.get('[data-test=\"nav-hand-tools\"]').click();\ncy.url().should(\"include\", \"/category/hand-tools\");",
              "err": {},
              "uuid": "bb329f01-b279-41e1-98fe-cceef9cfbc31",
              "parentUUID": "c0528459-e778-4f85-8ccb-a623d3144a6e",
              "isHook": false,
              "skipped": false
            },
            {
              "title": "Should be able to navigate to power tools",
              "fullTitle": "Navigation Bar Should be able to navigate to power tools",
              "timedOut": null,
              "duration": 2304,
              "state": "passed",
              "speed": "fast",
              "pass": true,
              "fail": false,
              "pending": false,
              "context": null,
              "code": "cy.get('[data-test=\"nav-categories\"]').click();\ncy.get('[data-test=\"nav-power-tools\"]').click();\ncy.url().should(\"include\", \"/category/power-tools\");",
              "err": {},
              "uuid": "7b4d3adb-a5bf-46b1-9e14-d8a8c013634c",
              "parentUUID": "c0528459-e778-4f85-8ccb-a623d3144a6e",
              "isHook": false,
              "skipped": false
            },
            {
              "title": "Should be able to navigate to special tools",
              "fullTitle": "Navigation Bar Should be able to navigate to special tools",
              "timedOut": null,
              "duration": 2308,
              "state": "passed",
              "speed": "fast",
              "pass": true,
              "fail": false,
              "pending": false,
              "context": null,
              "code": "cy.get('[data-test=\"nav-categories\"]').click();\ncy.get('[data-test=\"nav-special-tools\"]').click();\ncy.url().should(\"include\", \"/category/special-tools\");",
              "err": {},
              "uuid": "d332e1d0-eb69-4bef-94b3-2f0465c20d01",
              "parentUUID": "c0528459-e778-4f85-8ccb-a623d3144a6e",
              "isHook": false,
              "skipped": false
            },
            {
              "title": "Should be able to navigate to rentals",
              "fullTitle": "Navigation Bar Should be able to navigate to rentals",
              "timedOut": null,
              "duration": 2694,
              "state": "passed",
              "speed": "fast",
              "pass": true,
              "fail": false,
              "pending": false,
              "context": null,
              "code": "cy.get('[data-test=\"nav-categories\"]').click();\ncy.get('[data-test=\"nav-rentals\"]').click();\ncy.url().should(\"include\", \"/rentals\");",
              "err": {},
              "uuid": "67f0442a-a82a-4485-bcc8-2c463a4af059",
              "parentUUID": "c0528459-e778-4f85-8ccb-a623d3144a6e",
              "isHook": false,
              "skipped": false
            },
            {
              "title": "Should be able to navigate to sign in",
              "fullTitle": "Navigation Bar Should be able to navigate to sign in",
              "timedOut": null,
              "duration": 2644,
              "state": "passed",
              "speed": "fast",
              "pass": true,
              "fail": false,
              "pending": false,
              "context": null,
              "code": "cy.get('[data-test=\"nav-sign-in\"]').click();\ncy.url().should(\"include\", \"/auth/login\");",
              "err": {},
              "uuid": "4a9c7bbf-3e25-4b97-8139-a99b3dbb3315",
              "parentUUID": "c0528459-e778-4f85-8ccb-a623d3144a6e",
              "isHook": false,
              "skipped": false
            },
            {
              "title": "Should be able to navigate to contact",
              "fullTitle": "Navigation Bar Should be able to navigate to contact",
              "timedOut": null,
              "duration": 2484,
              "state": "passed",
              "speed": "fast",
              "pass": true,
              "fail": false,
              "pending": false,
              "context": null,
              "code": "cy.get('[data-test=\"nav-contact\"]').click();\ncy.url().should(\"include\", \"/contact\");",
              "err": {},
              "uuid": "784f8e27-e4ec-4912-a36d-9134ec1b71e9",
              "parentUUID": "c0528459-e778-4f85-8ccb-a623d3144a6e",
              "isHook": false,
              "skipped": false
            }
          ],
          "suites": [],
          "passes": [
            "1ffc8b68-0431-4e16-9b7b-6dd021c22947",
            "bb329f01-b279-41e1-98fe-cceef9cfbc31",
            "7b4d3adb-a5bf-46b1-9e14-d8a8c013634c",
            "d332e1d0-eb69-4bef-94b3-2f0465c20d01",
            "67f0442a-a82a-4485-bcc8-2c463a4af059",
            "4a9c7bbf-3e25-4b97-8139-a99b3dbb3315",
            "784f8e27-e4ec-4912-a36d-9134ec1b71e9"
          ],
          "failures": [],
          "pending": [],
          "skipped": [],
          "duration": 17596,
          "root": false,
          "rootEmpty": false,
          "_timeout": 2000
        }
      ],
      "passes": [],
      "failures": [],
      "pending": [],
      "skipped": [],
      "duration": 0,
      "root": true,
      "rootEmpty": true,
      "_timeout": 2000
    }
  ],
  "meta": {
    "mocha": {
      "version": "7.0.1"
    },
    "mochawesome": {
      "options": {
        "quiet": false,
        "reportFilename": "mochawesome",
        "saveHtml": false,
        "saveJson": true,
        "consoleReporter": "spec",
        "useInlineDiffs": false,
        "code": true
      },
      "version": "7.1.3"
    },
    "marge": {
      "options": {
        "id": "default",
        "reportDir": "cypress/reports/mocha",
        "quite": true,
        "overwrite": false,
        "html": false,
        "json": true
      },
      "version": "6.2.0"
    }
  }
}