{
  "stats": {
    "suites": 1,
    "tests": 6,
    "passes": 5,
    "pending": 0,
    "failures": 1,
    "start": "2023-10-19T20:57:55.783Z",
    "end": "2023-10-19T20:58:19.288Z",
    "duration": 23505,
    "testsRegistered": 6,
    "passPercent": 83.33333333333334,
    "pendingPercent": 0,
    "other": 0,
    "hasOther": false,
    "skipped": 0,
    "hasSkipped": false
  },
  "results": [
    {
      "uuid": "d16e2488-2aa1-44cf-bcf9-f15913acba12",
      "title": "",
      "fullFile": "cypress/e2e/3-specs/05.Product.cy.js",
      "file": "cypress/e2e/3-specs/05.Product.cy.js",
      "beforeHooks": [],
      "afterHooks": [],
      "tests": [],
      "suites": [
        {
          "uuid": "d9a69afe-f211-459c-bf25-646343f9740c",
          "title": "HomePage",
          "fullFile": "",
          "file": "",
          "beforeHooks": [],
          "afterHooks": [],
          "tests": [
            {
              "title": "First Product must match description and name with backend",
              "fullTitle": "HomePage First Product must match description and name with backend",
              "timedOut": null,
              "duration": 3271,
              "state": "passed",
              "speed": "fast",
              "pass": true,
              "fail": false,
              "pending": false,
              "context": null,
              "code": "cy.get(`[data-test=\"${ids[0]}\"] > .card-img-wrapper > .card-img-top`).click();\nlet id = `${ids[0]}`.substring(8);\nlet response = await fetch(`https://api.practicesoftwaretesting.com/products/${id}`, {\n  cache: \"default\",\n  credentials: \"omit\",\n  headers: {\n    Accept: \"application/json, text/plain, */*\",\n    \"Accept-Language\": \"en-GB,en;q=0.9\",\n    \"Content-Type\": \"application/json\",\n    \"User-Agent\": \"Mozilla/5.0 (Macintosh; Intel Mac OS X 10_15_7) AppleWebKit/605.1.15 (KHTML, like Gecko) Version/17.0 Safari/605.1.15\"\n  },\n  method: \"GET\",\n  mode: \"cors\",\n  redirect: \"follow\",\n  referrer: \"https://practicesoftwaretesting.com/\",\n  referrerPolicy: \"strict-origin-when-cross-origin\"\n});\ncy.get('[data-test=\"product-name\"]').should(\"contain\", response.name);\ncy.get('[data-test=\"product-description\"]').should(\"contain\", response.description);",
              "err": {},
              "uuid": "a18580d4-2f20-45ff-8a12-a844d8d1d050",
              "parentUUID": "d9a69afe-f211-459c-bf25-646343f9740c",
              "isHook": false,
              "skipped": false
            },
            {
              "title": "Second Product must match description and name with backend",
              "fullTitle": "HomePage Second Product must match description and name with backend",
              "timedOut": null,
              "duration": 2621,
              "state": "passed",
              "speed": "fast",
              "pass": true,
              "fail": false,
              "pending": false,
              "context": null,
              "code": "cy.get(`[data-test=\"${ids[1]}\"] > .card-img-wrapper > .card-img-top`).click();\nlet id = `${ids[1]}`.substring(8);\nlet response = await fetch(`https://api.practicesoftwaretesting.com/products/${id}`, {\n  cache: \"default\",\n  credentials: \"omit\",\n  headers: {\n    Accept: \"application/json, text/plain, */*\",\n    \"Accept-Language\": \"en-GB,en;q=0.9\",\n    \"Content-Type\": \"application/json\",\n    \"User-Agent\": \"Mozilla/5.0 (Macintosh; Intel Mac OS X 10_15_7) AppleWebKit/605.1.15 (KHTML, like Gecko) Version/17.0 Safari/605.1.15\"\n  },\n  method: \"GET\",\n  mode: \"cors\",\n  redirect: \"follow\",\n  referrer: \"https://practicesoftwaretesting.com/\",\n  referrerPolicy: \"strict-origin-when-cross-origin\"\n});\ncy.get('[data-test=\"product-name\"]').should(\"contain\", response.name);\ncy.get('[data-test=\"product-description\"]').should(\"contain\", response.description);",
              "err": {},
              "uuid": "129d7861-2a35-47af-9fcb-1507ca31f78a",
              "parentUUID": "d9a69afe-f211-459c-bf25-646343f9740c",
              "isHook": false,
              "skipped": false
            },
            {
              "title": "Can increase/decrease quantity of product",
              "fullTitle": "HomePage Can increase/decrease quantity of product",
              "timedOut": null,
              "duration": 1303,
              "state": "passed",
              "speed": "fast",
              "pass": true,
              "fail": false,
              "pending": false,
              "context": null,
              "code": "cy.get(`[data-test=\"${ids[0]}\"] > .card-img-wrapper > .card-img-top`).click();\ncy.get('[data-test=\"increase-quantity\"]').click();\ncy.get('[data-test=\"increase-quantity\"]').click();\ncy.get('[data-test=\"quantity\"]').should(\"have.value\", 3);\ncy.get('[data-test=\"decrease-quantity\"]').click();\ncy.get('[data-test=\"quantity\"]').should(\"have.value\", 2);",
              "err": {},
              "uuid": "9f1b86c5-08d3-4c36-9b3e-dbdcafa8ba86",
              "parentUUID": "d9a69afe-f211-459c-bf25-646343f9740c",
              "isHook": false,
              "skipped": false
            },
            {
              "title": "Can add product to cart",
              "fullTitle": "HomePage Can add product to cart",
              "timedOut": null,
              "duration": 2713,
              "state": "passed",
              "speed": "fast",
              "pass": true,
              "fail": false,
              "pending": false,
              "context": null,
              "code": "cy.get(`[data-test=\"${ids[0]}\"] > .card-img-wrapper > .card-img-top`).click();\ncy.get('[data-test=\"add-to-cart\"]').click();\ncy.get(\".toast-body\").should(\"contain\", \"Product added to shopping cart.\");",
              "err": {},
              "uuid": "9b07c338-fe19-40f5-8d6f-100752ddc1bb",
              "parentUUID": "d9a69afe-f211-459c-bf25-646343f9740c",
              "isHook": false,
              "skipped": false
            },
            {
              "title": "Can't add product to favourites (Not Loged In)",
              "fullTitle": "HomePage Can't add product to favourites (Not Loged In)",
              "timedOut": null,
              "duration": 3550,
              "state": "passed",
              "speed": "fast",
              "pass": true,
              "fail": false,
              "pending": false,
              "context": null,
              "code": "cy.get(`[data-test=\"${ids[0]}\"] > .card-img-wrapper > .card-img-top`).click();\ncy.get('[data-test=\"add-to-favorites\"]').click();\ncy.get(\".toast-body\").should(\"contain\", \"Unauthorized, can not add product to your favorite list.\");",
              "err": {},
              "uuid": "23c4d245-5b93-42ef-9049-5688a18a52ae",
              "parentUUID": "d9a69afe-f211-459c-bf25-646343f9740c",
              "isHook": false,
              "skipped": false
            },
            {
              "title": "Can add product to favourites",
              "fullTitle": "HomePage Can add product to favourites",
              "timedOut": null,
              "duration": 8672,
              "state": "failed",
              "speed": null,
              "pass": false,
              "fail": true,
              "pending": false,
              "context": null,
              "code": "cy.login();\ncy.visit(\"https://practicesoftwaretesting.com/#/\");\ncy.get(`[data-test=\"${ids[0]}\"] > .card-img-wrapper > .card-img-top`).click();\ncy.get('[data-test=\"add-to-favorites\"]').click();\ncy.get(\".toast-body\").should(\"contain\", \"favorite\");",
              "err": {
                "message": "AssertionError: Timed out retrying after 4000ms: Expected to find content: 'Doe John' within the element: <a#user-menu.nav-link.dropdown-toggle> but never did.",
                "estack": "AssertionError: Timed out retrying after 4000ms: Expected to find content: 'Doe John' within the element: <a#user-menu.nav-link.dropdown-toggle> but never did.\n    at Context.eval (webpack://cypress-test/./cypress/support/commands.js:20:40)",
                "diff": null
              },
              "uuid": "90bb6bc3-c9e5-4a6d-8098-48b59e48fb59",
              "parentUUID": "d9a69afe-f211-459c-bf25-646343f9740c",
              "isHook": false,
              "skipped": false
            }
          ],
          "suites": [],
          "passes": [
            "a18580d4-2f20-45ff-8a12-a844d8d1d050",
            "129d7861-2a35-47af-9fcb-1507ca31f78a",
            "9f1b86c5-08d3-4c36-9b3e-dbdcafa8ba86",
            "9b07c338-fe19-40f5-8d6f-100752ddc1bb",
            "23c4d245-5b93-42ef-9049-5688a18a52ae"
          ],
          "failures": [
            "90bb6bc3-c9e5-4a6d-8098-48b59e48fb59"
          ],
          "pending": [],
          "skipped": [],
          "duration": 22130,
          "root": false,
          "rootEmpty": false,
          "_timeout": 2000
        }
      ],
      "passes": [],
      "failures": [],
      "pending": [],
      "skipped": [],
      "duration": 0,
      "root": true,
      "rootEmpty": true,
      "_timeout": 2000
    }
  ],
  "meta": {
    "mocha": {
      "version": "7.0.1"
    },
    "mochawesome": {
      "options": {
        "quiet": false,
        "reportFilename": "mochawesome",
        "saveHtml": false,
        "saveJson": true,
        "consoleReporter": "spec",
        "useInlineDiffs": false,
        "code": true
      },
      "version": "7.1.3"
    },
    "marge": {
      "options": {
        "id": "default",
        "reportDir": "cypress/reports/mocha",
        "quite": true,
        "overwrite": false,
        "html": false,
        "json": true
      },
      "version": "6.2.0"
    }
  }
}