{
  "stats": {
    "suites": 1,
    "tests": 3,
    "passes": 2,
    "pending": 0,
    "failures": 1,
    "start": "2023-10-19T20:56:41.253Z",
    "end": "2023-10-19T20:56:55.593Z",
    "duration": 14340,
    "testsRegistered": 3,
    "passPercent": 66.66666666666666,
    "pendingPercent": 0,
    "other": 0,
    "hasOther": false,
    "skipped": 0,
    "hasSkipped": false
  },
  "results": [
    {
      "uuid": "04419b5e-39c1-474c-a368-a0599e4bc5eb",
      "title": "",
      "fullFile": "cypress/e2e/3-specs/02.HomePage.cy.js",
      "file": "cypress/e2e/3-specs/02.HomePage.cy.js",
      "beforeHooks": [],
      "afterHooks": [],
      "tests": [],
      "suites": [
        {
          "uuid": "b5a034a5-d467-40e7-8fdb-7d3c23c6e423",
          "title": "HomePage",
          "fullFile": "",
          "file": "",
          "beforeHooks": [],
          "afterHooks": [],
          "tests": [
            {
              "title": "Apply filters and sort",
              "fullTitle": "HomePage Apply filters and sort",
              "timedOut": null,
              "duration": 7927,
              "state": "failed",
              "speed": null,
              "pass": false,
              "fail": true,
              "pending": false,
              "context": null,
              "code": "cy.get('[data-test=\"sort\"]').select(\"Name (A - Z)\");\ncy.get(\".ngx-slider-model-high\").contains(\"100\");\ncy.get(\".ngx-slider-full-bar > .ngx-slider-span\").click({\n  multiple: true,\n  force: true\n});\ncy.get(\".ngx-slider-model-high\").should(\"contain\", \"100\");\ncy.get(\":nth-child(13) > ul > :nth-child(1) > label\").click();\ncy.get(\":nth-child(13) > ul > :nth-child(2) > label\").click();\ncy.get(\":nth-child(14) > ul > :nth-child(1) > label\").click();\ncy.get(\":nth-child(14) > ul > :nth-child(2) > label\").click();\ncy.get(\":nth-child(18) > label\").click();",
              "err": {
                "message": "AssertionError: Timed out retrying after 4000ms: Expected to find element: `:nth-child(18) > label`, but never found it.",
                "estack": "AssertionError: Timed out retrying after 4000ms: Expected to find element: `:nth-child(18) > label`, but never found it.\n    at Context.eval (webpack://cypress-test/./cypress/e2e/3-specs/02.HomePage.cy.js:18:7)",
                "diff": null
              },
              "uuid": "0a5c8214-0944-4166-a113-f06e3f84e359",
              "parentUUID": "b5a034a5-d467-40e7-8fdb-7d3c23c6e423",
              "isHook": false,
              "skipped": false
            },
            {
              "title": "Should be able to press on first product and go back",
              "fullTitle": "HomePage Should be able to press on first product and go back",
              "timedOut": null,
              "duration": 2763,
              "state": "passed",
              "speed": "fast",
              "pass": true,
              "fail": false,
              "pending": false,
              "context": null,
              "code": "var ids = [];\ncy.get('[data-test*=\"product\"]').then($elements => {\n  $elements.each((index, element) => {\n    const productId = Cypress.$(element).attr(\"data-test\");\n    ids.push(productId);\n  });\n  console.log(ids);\n  cy.get(`[data-test=\"${ids[0]}\"] > .card-img-wrapper > .card-img-top`).click();\n  cy.go(\"back\");\n  cy.get(`[data-test=\"${ids[0]}\"] > .card-img-wrapper > .card-img-top`).should(\"be.visible\");\n});",
              "err": {},
              "uuid": "39962b22-285c-4662-a4b5-9fd40e8ba484",
              "parentUUID": "b5a034a5-d467-40e7-8fdb-7d3c23c6e423",
              "isHook": false,
              "skipped": false
            },
            {
              "title": "Should be able to navigate between pages",
              "fullTitle": "HomePage Should be able to navigate between pages",
              "timedOut": null,
              "duration": 2427,
              "state": "passed",
              "speed": "fast",
              "pass": true,
              "fail": false,
              "pending": false,
              "context": null,
              "code": "cy.get(\".ngx-pagination > :nth-child(4) > a\").click();\ncy.get(\".ngx-pagination > :nth-child(5) > a\").click();\ncy.get(\".ngx-pagination > :nth-child(3) > a\").click();",
              "err": {},
              "uuid": "79b8eacb-b48d-4b80-aefc-959a36e04cb5",
              "parentUUID": "b5a034a5-d467-40e7-8fdb-7d3c23c6e423",
              "isHook": false,
              "skipped": false
            }
          ],
          "suites": [],
          "passes": [
            "39962b22-285c-4662-a4b5-9fd40e8ba484",
            "79b8eacb-b48d-4b80-aefc-959a36e04cb5"
          ],
          "failures": [
            "0a5c8214-0944-4166-a113-f06e3f84e359"
          ],
          "pending": [],
          "skipped": [],
          "duration": 13117,
          "root": false,
          "rootEmpty": false,
          "_timeout": 2000
        }
      ],
      "passes": [],
      "failures": [],
      "pending": [],
      "skipped": [],
      "duration": 0,
      "root": true,
      "rootEmpty": true,
      "_timeout": 2000
    }
  ],
  "meta": {
    "mocha": {
      "version": "7.0.1"
    },
    "mochawesome": {
      "options": {
        "quiet": false,
        "reportFilename": "mochawesome",
        "saveHtml": false,
        "saveJson": true,
        "consoleReporter": "spec",
        "useInlineDiffs": false,
        "code": true
      },
      "version": "7.1.3"
    },
    "marge": {
      "options": {
        "id": "default",
        "reportDir": "cypress/reports/mocha",
        "quite": true,
        "overwrite": false,
        "html": false,
        "json": true
      },
      "version": "6.2.0"
    }
  }
}