{
  "stats": {
    "suites": 6,
    "tests": 27,
    "passes": 23,
    "pending": 0,
    "failures": 4,
    "testsRegistered": 27,
    "passPercent": 85.18518518518519,
    "pendingPercent": 0,
    "other": 0,
    "hasOther": false,
    "skipped": 0,
    "hasSkipped": false,
    "start": "2023-10-19T20:56:19.315Z",
    "end": "2023-10-19T20:58:31.122Z",
    "duration": 131807
  },
  "results": [
    {
      "uuid": "9528ba65-487f-49e1-ba3f-0e3ee8e55254",
      "title": "",
      "fullFile": "cypress/e2e/3-specs/01.NavigationBar.cy.js",
      "file": "cypress/e2e/3-specs/01.NavigationBar.cy.js",
      "beforeHooks": [],
      "afterHooks": [],
      "tests": [],
      "suites": [
        {
          "uuid": "0c2c514d-a4c7-4b9c-b840-15491ecbd55a",
          "title": "Navigation Bar",
          "fullFile": "",
          "file": "",
          "beforeHooks": [],
          "afterHooks": [],
          "tests": [
            {
              "title": "Should be able to navigate to Home",
              "fullTitle": "Navigation Bar Should be able to navigate to Home",
              "timedOut": null,
              "duration": 3058,
              "state": "passed",
              "speed": "fast",
              "pass": true,
              "fail": false,
              "pending": false,
              "context": null,
              "code": "cy.get('[data-test=\"nav-home\"]').click();\ncy.url().should(\"include\", \"/#\");",
              "err": {},
              "uuid": "204ca793-9a43-45f2-98fd-9bb3b2425478",
              "parentUUID": "0c2c514d-a4c7-4b9c-b840-15491ecbd55a",
              "isHook": false,
              "skipped": false
            },
            {
              "title": "Should be able to navigate to Hand Tools",
              "fullTitle": "Navigation Bar Should be able to navigate to Hand Tools",
              "timedOut": null,
              "duration": 2357,
              "state": "passed",
              "speed": "fast",
              "pass": true,
              "fail": false,
              "pending": false,
              "context": null,
              "code": "cy.get('[data-test=\"nav-categories\"]').click();\ncy.get('[data-test=\"nav-hand-tools\"]').click();\ncy.url().should(\"include\", \"/category/hand-tools\");",
              "err": {},
              "uuid": "6e596782-ca06-49c2-a21d-ecba1e28e294",
              "parentUUID": "0c2c514d-a4c7-4b9c-b840-15491ecbd55a",
              "isHook": false,
              "skipped": false
            },
            {
              "title": "Should be able to navigate to power tools",
              "fullTitle": "Navigation Bar Should be able to navigate to power tools",
              "timedOut": null,
              "duration": 2321,
              "state": "passed",
              "speed": "fast",
              "pass": true,
              "fail": false,
              "pending": false,
              "context": null,
              "code": "cy.get('[data-test=\"nav-categories\"]').click();\ncy.get('[data-test=\"nav-power-tools\"]').click();\ncy.url().should(\"include\", \"/category/power-tools\");",
              "err": {},
              "uuid": "5b1bed82-0585-4861-a781-03ae56945b3e",
              "parentUUID": "0c2c514d-a4c7-4b9c-b840-15491ecbd55a",
              "isHook": false,
              "skipped": false
            },
            {
              "title": "Should be able to navigate to special tools",
              "fullTitle": "Navigation Bar Should be able to navigate to special tools",
              "timedOut": null,
              "duration": 2318,
              "state": "passed",
              "speed": "fast",
              "pass": true,
              "fail": false,
              "pending": false,
              "context": null,
              "code": "cy.get('[data-test=\"nav-categories\"]').click();\ncy.get('[data-test=\"nav-special-tools\"]').click();\ncy.url().should(\"include\", \"/category/special-tools\");",
              "err": {},
              "uuid": "3a7ba43d-e080-42ed-8fc9-3e09deccc0c0",
              "parentUUID": "0c2c514d-a4c7-4b9c-b840-15491ecbd55a",
              "isHook": false,
              "skipped": false
            },
            {
              "title": "Should be able to navigate to rentals",
              "fullTitle": "Navigation Bar Should be able to navigate to rentals",
              "timedOut": null,
              "duration": 2582,
              "state": "passed",
              "speed": "fast",
              "pass": true,
              "fail": false,
              "pending": false,
              "context": null,
              "code": "cy.get('[data-test=\"nav-categories\"]').click();\ncy.get('[data-test=\"nav-rentals\"]').click();\ncy.url().should(\"include\", \"/rentals\");",
              "err": {},
              "uuid": "8ff7182e-0178-49b7-b4b9-c68afc87faac",
              "parentUUID": "0c2c514d-a4c7-4b9c-b840-15491ecbd55a",
              "isHook": false,
              "skipped": false
            },
            {
              "title": "Should be able to navigate to sign in",
              "fullTitle": "Navigation Bar Should be able to navigate to sign in",
              "timedOut": null,
              "duration": 4070,
              "state": "passed",
              "speed": "fast",
              "pass": true,
              "fail": false,
              "pending": false,
              "context": null,
              "code": "cy.get('[data-test=\"nav-sign-in\"]').click();\ncy.url().should(\"include\", \"/auth/login\");",
              "err": {},
              "uuid": "e780dc42-d4aa-46f3-9f93-43f5913fdd93",
              "parentUUID": "0c2c514d-a4c7-4b9c-b840-15491ecbd55a",
              "isHook": false,
              "skipped": false
            },
            {
              "title": "Should be able to navigate to contact",
              "fullTitle": "Navigation Bar Should be able to navigate to contact",
              "timedOut": null,
              "duration": 2533,
              "state": "passed",
              "speed": "fast",
              "pass": true,
              "fail": false,
              "pending": false,
              "context": null,
              "code": "cy.get('[data-test=\"nav-contact\"]').click();\ncy.url().should(\"include\", \"/contact\");",
              "err": {},
              "uuid": "9f75024c-b231-4e71-a7b8-477bc4332f26",
              "parentUUID": "0c2c514d-a4c7-4b9c-b840-15491ecbd55a",
              "isHook": false,
              "skipped": false
            }
          ],
          "suites": [],
          "passes": [
            "204ca793-9a43-45f2-98fd-9bb3b2425478",
            "6e596782-ca06-49c2-a21d-ecba1e28e294",
            "5b1bed82-0585-4861-a781-03ae56945b3e",
            "3a7ba43d-e080-42ed-8fc9-3e09deccc0c0",
            "8ff7182e-0178-49b7-b4b9-c68afc87faac",
            "e780dc42-d4aa-46f3-9f93-43f5913fdd93",
            "9f75024c-b231-4e71-a7b8-477bc4332f26"
          ],
          "failures": [],
          "pending": [],
          "skipped": [],
          "duration": 19239,
          "root": false,
          "rootEmpty": false,
          "_timeout": 2000
        }
      ],
      "passes": [],
      "failures": [],
      "pending": [],
      "skipped": [],
      "duration": 0,
      "root": true,
      "rootEmpty": true,
      "_timeout": 2000
    },
    {
      "uuid": "04419b5e-39c1-474c-a368-a0599e4bc5eb",
      "title": "",
      "fullFile": "cypress/e2e/3-specs/02.HomePage.cy.js",
      "file": "cypress/e2e/3-specs/02.HomePage.cy.js",
      "beforeHooks": [],
      "afterHooks": [],
      "tests": [],
      "suites": [
        {
          "uuid": "b5a034a5-d467-40e7-8fdb-7d3c23c6e423",
          "title": "HomePage",
          "fullFile": "",
          "file": "",
          "beforeHooks": [],
          "afterHooks": [],
          "tests": [
            {
              "title": "Apply filters and sort",
              "fullTitle": "HomePage Apply filters and sort",
              "timedOut": null,
              "duration": 7927,
              "state": "failed",
              "speed": null,
              "pass": false,
              "fail": true,
              "pending": false,
              "context": null,
              "code": "cy.get('[data-test=\"sort\"]').select(\"Name (A - Z)\");\ncy.get(\".ngx-slider-model-high\").contains(\"100\");\ncy.get(\".ngx-slider-full-bar > .ngx-slider-span\").click({\n  multiple: true,\n  force: true\n});\ncy.get(\".ngx-slider-model-high\").should(\"contain\", \"100\");\ncy.get(\":nth-child(13) > ul > :nth-child(1) > label\").click();\ncy.get(\":nth-child(13) > ul > :nth-child(2) > label\").click();\ncy.get(\":nth-child(14) > ul > :nth-child(1) > label\").click();\ncy.get(\":nth-child(14) > ul > :nth-child(2) > label\").click();\ncy.get(\":nth-child(18) > label\").click();",
              "err": {
                "message": "AssertionError: Timed out retrying after 4000ms: Expected to find element: `:nth-child(18) > label`, but never found it.",
                "estack": "AssertionError: Timed out retrying after 4000ms: Expected to find element: `:nth-child(18) > label`, but never found it.\n    at Context.eval (webpack://cypress-test/./cypress/e2e/3-specs/02.HomePage.cy.js:18:7)",
                "diff": null
              },
              "uuid": "0a5c8214-0944-4166-a113-f06e3f84e359",
              "parentUUID": "b5a034a5-d467-40e7-8fdb-7d3c23c6e423",
              "isHook": false,
              "skipped": false
            },
            {
              "title": "Should be able to press on first product and go back",
              "fullTitle": "HomePage Should be able to press on first product and go back",
              "timedOut": null,
              "duration": 2763,
              "state": "passed",
              "speed": "fast",
              "pass": true,
              "fail": false,
              "pending": false,
              "context": null,
              "code": "var ids = [];\ncy.get('[data-test*=\"product\"]').then($elements => {\n  $elements.each((index, element) => {\n    const productId = Cypress.$(element).attr(\"data-test\");\n    ids.push(productId);\n  });\n  console.log(ids);\n  cy.get(`[data-test=\"${ids[0]}\"] > .card-img-wrapper > .card-img-top`).click();\n  cy.go(\"back\");\n  cy.get(`[data-test=\"${ids[0]}\"] > .card-img-wrapper > .card-img-top`).should(\"be.visible\");\n});",
              "err": {},
              "uuid": "39962b22-285c-4662-a4b5-9fd40e8ba484",
              "parentUUID": "b5a034a5-d467-40e7-8fdb-7d3c23c6e423",
              "isHook": false,
              "skipped": false
            },
            {
              "title": "Should be able to navigate between pages",
              "fullTitle": "HomePage Should be able to navigate between pages",
              "timedOut": null,
              "duration": 2427,
              "state": "passed",
              "speed": "fast",
              "pass": true,
              "fail": false,
              "pending": false,
              "context": null,
              "code": "cy.get(\".ngx-pagination > :nth-child(4) > a\").click();\ncy.get(\".ngx-pagination > :nth-child(5) > a\").click();\ncy.get(\".ngx-pagination > :nth-child(3) > a\").click();",
              "err": {},
              "uuid": "79b8eacb-b48d-4b80-aefc-959a36e04cb5",
              "parentUUID": "b5a034a5-d467-40e7-8fdb-7d3c23c6e423",
              "isHook": false,
              "skipped": false
            }
          ],
          "suites": [],
          "passes": [
            "39962b22-285c-4662-a4b5-9fd40e8ba484",
            "79b8eacb-b48d-4b80-aefc-959a36e04cb5"
          ],
          "failures": [
            "0a5c8214-0944-4166-a113-f06e3f84e359"
          ],
          "pending": [],
          "skipped": [],
          "duration": 13117,
          "root": false,
          "rootEmpty": false,
          "_timeout": 2000
        }
      ],
      "passes": [],
      "failures": [],
      "pending": [],
      "skipped": [],
      "duration": 0,
      "root": true,
      "rootEmpty": true,
      "_timeout": 2000
    },
    {
      "uuid": "979f1e93-9521-4944-9895-48fec0fd44b3",
      "title": "",
      "fullFile": "cypress/e2e/3-specs/03.Account.cy.js",
      "file": "cypress/e2e/3-specs/03.Account.cy.js",
      "beforeHooks": [],
      "afterHooks": [],
      "tests": [],
      "suites": [
        {
          "uuid": "b6119d68-aa9c-4d6b-947d-d57eb4745fdd",
          "title": "Account",
          "fullFile": "",
          "file": "",
          "beforeHooks": [],
          "afterHooks": [],
          "tests": [
            {
              "title": "Register",
              "fullTitle": "Account Register",
              "timedOut": null,
              "duration": 5828,
              "state": "passed",
              "speed": "medium",
              "pass": true,
              "fail": false,
              "pending": false,
              "context": null,
              "code": "cy.get('[data-test=\"nav-sign-in\"]').click();\ncy.get('[data-test=\"register-link\"]').click();\ncy.get('[data-test=\"first-name\"]').type(\"Doe\");\ncy.get('[data-test=\"last-name\"]').type(\"John\");\ncy.get('[data-test=\"dob\"]').type(\"1999-10-22\");\ncy.get('[data-test=\"address\"]').type(\"Street test, 10\");\ncy.get('[data-test=\"postcode\"]').type(\"910021\");\ncy.get('[data-test=\"city\"]').type(\"TestCity\");\ncy.get('[data-test=\"state\"]').type(\"TestState\");\ncy.get('[data-test=\"country\"]').select(\"Romania\");\ncy.get('[data-test=\"phone\"]').type(\"0700000000\");\ncy.get('[data-test=\"email\"]').type(\"John.Doe.Demo.Vlad@example.com\");\ncy.get('[data-test=\"password\"]').type(\"JohnDoePass\");\ncy.get('[data-test=\"register-submit\"]').click();",
              "err": {},
              "uuid": "81330e14-39d3-4401-9def-1db1eebf48bf",
              "parentUUID": "b6119d68-aa9c-4d6b-947d-d57eb4745fdd",
              "isHook": false,
              "skipped": false
            },
            {
              "title": "Register -> This email address already exists.",
              "fullTitle": "Account Register -> This email address already exists.",
              "timedOut": null,
              "duration": 5607,
              "state": "passed",
              "speed": "medium",
              "pass": true,
              "fail": false,
              "pending": false,
              "context": null,
              "code": "cy.get('[data-test=\"nav-sign-in\"]').click();\ncy.get('[data-test=\"register-link\"]').click();\ncy.get('[data-test=\"first-name\"]').type(\"Doe\");\ncy.get('[data-test=\"last-name\"]').type(\"John\");\ncy.get('[data-test=\"dob\"]').type(\"1999-10-22\");\ncy.get('[data-test=\"address\"]').type(\"Street test, 10\");\ncy.get('[data-test=\"postcode\"]').type(\"910021\");\ncy.get('[data-test=\"city\"]').type(\"TestCity\");\ncy.get('[data-test=\"state\"]').type(\"TestState\");\ncy.get('[data-test=\"country\"]').select(\"Romania\");\ncy.get('[data-test=\"phone\"]').type(\"0700000000\");\ncy.get('[data-test=\"email\"]').type(\"John.Doe.Demo.Vlad@example.com\");\ncy.get('[data-test=\"password\"]').type(\"JohnDoePass\");\ncy.get('[data-test=\"register-submit\"]').click();\ncy.get('[data-test=\"register-error\"]').should(\"be.visible\");",
              "err": {},
              "uuid": "caf61bde-a614-4360-abbb-38d377c8f19e",
              "parentUUID": "b6119d68-aa9c-4d6b-947d-d57eb4745fdd",
              "isHook": false,
              "skipped": false
            },
            {
              "title": "Login wrong account",
              "fullTitle": "Account Login wrong account",
              "timedOut": null,
              "duration": 4092,
              "state": "passed",
              "speed": "fast",
              "pass": true,
              "fail": false,
              "pending": false,
              "context": null,
              "code": "cy.get('[data-test=\"nav-sign-in\"]').click();\ncy.get('[data-test=\"email\"]').type(\"John.Doe@example.com\");\ncy.get('[data-test=\"password\"]').type(\"JohnDoe\");\ncy.get('[data-test=\"login-submit\"]').click();\ncy.get('[data-test=\"login-error\"]').should(\"be.visible\");",
              "err": {},
              "uuid": "e04548c0-3322-4d08-ad78-d667b71ff4c7",
              "parentUUID": "b6119d68-aa9c-4d6b-947d-d57eb4745fdd",
              "isHook": false,
              "skipped": false
            },
            {
              "title": "Login real account and Sign Out",
              "fullTitle": "Account Login real account and Sign Out",
              "timedOut": null,
              "duration": 8825,
              "state": "failed",
              "speed": null,
              "pass": false,
              "fail": true,
              "pending": false,
              "context": null,
              "code": "cy.login();\ncy.get('[data-test=\"nav-user-menu\"]').click();\ncy.get('[data-test=\"nav-sign-out\"]').click();",
              "err": {
                "message": "AssertionError: Timed out retrying after 4000ms: Expected to find content: 'Doe John' within the element: <a#user-menu.nav-link.dropdown-toggle> but never did.",
                "estack": "AssertionError: Timed out retrying after 4000ms: Expected to find content: 'Doe John' within the element: <a#user-menu.nav-link.dropdown-toggle> but never did.\n    at Context.eval (webpack://cypress-test/./cypress/support/commands.js:20:40)",
                "diff": null
              },
              "uuid": "38bc1ce5-46b4-4bce-822a-e18096627ef8",
              "parentUUID": "b6119d68-aa9c-4d6b-947d-d57eb4745fdd",
              "isHook": false,
              "skipped": false
            }
          ],
          "suites": [],
          "passes": [
            "81330e14-39d3-4401-9def-1db1eebf48bf",
            "caf61bde-a614-4360-abbb-38d377c8f19e",
            "e04548c0-3322-4d08-ad78-d667b71ff4c7"
          ],
          "failures": [
            "38bc1ce5-46b4-4bce-822a-e18096627ef8"
          ],
          "pending": [],
          "skipped": [],
          "duration": 24352,
          "root": false,
          "rootEmpty": false,
          "_timeout": 2000
        }
      ],
      "passes": [],
      "failures": [],
      "pending": [],
      "skipped": [],
      "duration": 0,
      "root": true,
      "rootEmpty": true,
      "_timeout": 2000
    },
    {
      "uuid": "e6802bc5-e481-4b05-97ac-955f517fd04e",
      "title": "",
      "fullFile": "cypress/e2e/3-specs/04.Contact.cy.js",
      "file": "cypress/e2e/3-specs/04.Contact.cy.js",
      "beforeHooks": [],
      "afterHooks": [],
      "tests": [],
      "suites": [
        {
          "uuid": "ed6b61b6-cb7b-448b-ad28-31cdefe067c6",
          "title": "Contact",
          "fullFile": "",
          "file": "",
          "beforeHooks": [],
          "afterHooks": [],
          "tests": [
            {
              "title": "Message shorther",
              "fullTitle": "Contact Message shorther",
              "timedOut": null,
              "duration": 4194,
              "state": "passed",
              "speed": "fast",
              "pass": true,
              "fail": false,
              "pending": false,
              "context": null,
              "code": "cy.get('[data-test=\"first-name\"]').type(\"Doe\");\ncy.get('[data-test=\"last-name\"]').type(\"John\");\ncy.get('[data-test=\"email\"]').type(\"John.Doe@example.com\");\ncy.get('[data-test=\"subject\"]').select(\"Webmaster\");\ncy.get('[data-test=\"message\"]').type(\"This is a test message.\\n Ignore it.\");\ncy.get('[data-test=\"contact-submit\"]').click();\ncy.get('[data-test=\"message-error\"]').should(\"contain\", \"Message must be minimal 50 characters\");",
              "err": {},
              "uuid": "801369c8-e2e0-4838-9daa-ed5f0346065d",
              "parentUUID": "ed6b61b6-cb7b-448b-ad28-31cdefe067c6",
              "isHook": false,
              "skipped": false
            },
            {
              "title": "No firstname",
              "fullTitle": "Contact No firstname",
              "timedOut": null,
              "duration": 4795,
              "state": "passed",
              "speed": "fast",
              "pass": true,
              "fail": false,
              "pending": false,
              "context": null,
              "code": "cy.get('[data-test=\"last-name\"]').type(\"John\");\ncy.get('[data-test=\"email\"]').type(\"John.Doe@example.com\");\ncy.get('[data-test=\"subject\"]').select(\"Webmaster\");\ncy.get('[data-test=\"message\"]').type(\"This is a test message.\\n Ignore it.\\n Lorem ipsum dolor sit amet, consectetur adipiscing elit. Ut nisl arcu, mattis vel ex in, interdum dictum metus.\");\ncy.get('[data-test=\"contact-submit\"]').click();\ncy.get('[data-test=\"first-name-error\"]').should(\"be.visible\");",
              "err": {},
              "uuid": "d3717521-1c90-4667-92d9-b468c8ebe208",
              "parentUUID": "ed6b61b6-cb7b-448b-ad28-31cdefe067c6",
              "isHook": false,
              "skipped": false
            },
            {
              "title": "No lastName",
              "fullTitle": "Contact No lastName",
              "timedOut": null,
              "duration": 4759,
              "state": "passed",
              "speed": "fast",
              "pass": true,
              "fail": false,
              "pending": false,
              "context": null,
              "code": "cy.get('[data-test=\"first-name\"]').type(\"Doe\");\ncy.get('[data-test=\"email\"]').type(\"John.Doe@example.com\");\ncy.get('[data-test=\"subject\"]').select(\"Webmaster\");\ncy.get('[data-test=\"message\"]').type(\"This is a test message.\\n Ignore it.\\n Lorem ipsum dolor sit amet, consectetur adipiscing elit. Ut nisl arcu, mattis vel ex in, interdum dictum metus.\");\ncy.get('[data-test=\"contact-submit\"]').click();\ncy.get('[data-test=\"last-name-error\"]').should(\"be.visible\");",
              "err": {},
              "uuid": "50467b4f-2daf-49cf-9e62-7d2f8a7ef89a",
              "parentUUID": "ed6b61b6-cb7b-448b-ad28-31cdefe067c6",
              "isHook": false,
              "skipped": false
            },
            {
              "title": "No email",
              "fullTitle": "Contact No email",
              "timedOut": null,
              "duration": 5070,
              "state": "passed",
              "speed": "medium",
              "pass": true,
              "fail": false,
              "pending": false,
              "context": null,
              "code": "cy.get('[data-test=\"first-name\"]').type(\"Doe\");\ncy.get('[data-test=\"last-name\"]').type(\"John\");\ncy.get('[data-test=\"subject\"]').select(\"Webmaster\");\ncy.get('[data-test=\"message\"]').type(\"This is a test message.\\n Ignore it.\\n Lorem ipsum dolor sit amet, consectetur adipiscing elit. Ut nisl arcu, mattis vel ex in, interdum dictum metus.\");\ncy.get('[data-test=\"contact-submit\"]').click();\ncy.get('[data-test=\"email-error\"]').should(\"be.visible\");",
              "err": {},
              "uuid": "e5676dd7-87c5-4f8a-af08-f4f4bc054261",
              "parentUUID": "ed6b61b6-cb7b-448b-ad28-31cdefe067c6",
              "isHook": false,
              "skipped": false
            },
            {
              "title": "No subject",
              "fullTitle": "Contact No subject",
              "timedOut": null,
              "duration": 5216,
              "state": "passed",
              "speed": "medium",
              "pass": true,
              "fail": false,
              "pending": false,
              "context": null,
              "code": "cy.get('[data-test=\"first-name\"]').type(\"Doe\");\ncy.get('[data-test=\"last-name\"]').type(\"John\");\ncy.get('[data-test=\"email\"]').type(\"John.Doe@example.com\");\ncy.get('[data-test=\"message\"]').type(\"This is a test message.\\n Ignore it.\\n Lorem ipsum dolor sit amet, consectetur adipiscing elit. Ut nisl arcu, mattis vel ex in, interdum dictum metus.\");\ncy.get('[data-test=\"contact-submit\"]').click();\ncy.get('[data-test=\"subject-error\"]').should(\"be.visible\");",
              "err": {},
              "uuid": "70fdcf62-a231-4e70-8396-311a18eedb7d",
              "parentUUID": "ed6b61b6-cb7b-448b-ad28-31cdefe067c6",
              "isHook": false,
              "skipped": false
            },
            {
              "title": "Shoud be able to send a message with contact form",
              "fullTitle": "Contact Shoud be able to send a message with contact form",
              "timedOut": null,
              "duration": 5756,
              "state": "passed",
              "speed": "medium",
              "pass": true,
              "fail": false,
              "pending": false,
              "context": null,
              "code": "cy.get('[data-test=\"first-name\"]').type(\"Doe\");\ncy.get('[data-test=\"last-name\"]').type(\"John\");\ncy.get('[data-test=\"email\"]').type(\"John.Doe@example.com\");\ncy.get('[data-test=\"subject\"]').select(\"Webmaster\");\ncy.get('[data-test=\"message\"]').type(\"This is a test message.\\n Ignore it.\\n Lorem ipsum dolor sit amet, consectetur adipiscing elit. Ut nisl arcu, mattis vel ex in, interdum dictum metus.\");\ncy.get('[data-test=\"contact-submit\"]').click();\ncy.get(\".alert\").should(\"contain\", \"Thanks for your message! We will contact you shortly.\");",
              "err": {},
              "uuid": "87fa8117-fa17-495e-b5f4-60e57d6d7398",
              "parentUUID": "ed6b61b6-cb7b-448b-ad28-31cdefe067c6",
              "isHook": false,
              "skipped": false
            }
          ],
          "suites": [],
          "passes": [
            "801369c8-e2e0-4838-9daa-ed5f0346065d",
            "d3717521-1c90-4667-92d9-b468c8ebe208",
            "50467b4f-2daf-49cf-9e62-7d2f8a7ef89a",
            "e5676dd7-87c5-4f8a-af08-f4f4bc054261",
            "70fdcf62-a231-4e70-8396-311a18eedb7d",
            "87fa8117-fa17-495e-b5f4-60e57d6d7398"
          ],
          "failures": [],
          "pending": [],
          "skipped": [],
          "duration": 29790,
          "root": false,
          "rootEmpty": false,
          "_timeout": 2000
        }
      ],
      "passes": [],
      "failures": [],
      "pending": [],
      "skipped": [],
      "duration": 0,
      "root": true,
      "rootEmpty": true,
      "_timeout": 2000
    },
    {
      "uuid": "d16e2488-2aa1-44cf-bcf9-f15913acba12",
      "title": "",
      "fullFile": "cypress/e2e/3-specs/05.Product.cy.js",
      "file": "cypress/e2e/3-specs/05.Product.cy.js",
      "beforeHooks": [],
      "afterHooks": [],
      "tests": [],
      "suites": [
        {
          "uuid": "d9a69afe-f211-459c-bf25-646343f9740c",
          "title": "HomePage",
          "fullFile": "",
          "file": "",
          "beforeHooks": [],
          "afterHooks": [],
          "tests": [
            {
              "title": "First Product must match description and name with backend",
              "fullTitle": "HomePage First Product must match description and name with backend",
              "timedOut": null,
              "duration": 3271,
              "state": "passed",
              "speed": "fast",
              "pass": true,
              "fail": false,
              "pending": false,
              "context": null,
              "code": "cy.get(`[data-test=\"${ids[0]}\"] > .card-img-wrapper > .card-img-top`).click();\nlet id = `${ids[0]}`.substring(8);\nlet response = await fetch(`https://api.practicesoftwaretesting.com/products/${id}`, {\n  cache: \"default\",\n  credentials: \"omit\",\n  headers: {\n    Accept: \"application/json, text/plain, */*\",\n    \"Accept-Language\": \"en-GB,en;q=0.9\",\n    \"Content-Type\": \"application/json\",\n    \"User-Agent\": \"Mozilla/5.0 (Macintosh; Intel Mac OS X 10_15_7) AppleWebKit/605.1.15 (KHTML, like Gecko) Version/17.0 Safari/605.1.15\"\n  },\n  method: \"GET\",\n  mode: \"cors\",\n  redirect: \"follow\",\n  referrer: \"https://practicesoftwaretesting.com/\",\n  referrerPolicy: \"strict-origin-when-cross-origin\"\n});\ncy.get('[data-test=\"product-name\"]').should(\"contain\", response.name);\ncy.get('[data-test=\"product-description\"]').should(\"contain\", response.description);",
              "err": {},
              "uuid": "a18580d4-2f20-45ff-8a12-a844d8d1d050",
              "parentUUID": "d9a69afe-f211-459c-bf25-646343f9740c",
              "isHook": false,
              "skipped": false
            },
            {
              "title": "Second Product must match description and name with backend",
              "fullTitle": "HomePage Second Product must match description and name with backend",
              "timedOut": null,
              "duration": 2621,
              "state": "passed",
              "speed": "fast",
              "pass": true,
              "fail": false,
              "pending": false,
              "context": null,
              "code": "cy.get(`[data-test=\"${ids[1]}\"] > .card-img-wrapper > .card-img-top`).click();\nlet id = `${ids[1]}`.substring(8);\nlet response = await fetch(`https://api.practicesoftwaretesting.com/products/${id}`, {\n  cache: \"default\",\n  credentials: \"omit\",\n  headers: {\n    Accept: \"application/json, text/plain, */*\",\n    \"Accept-Language\": \"en-GB,en;q=0.9\",\n    \"Content-Type\": \"application/json\",\n    \"User-Agent\": \"Mozilla/5.0 (Macintosh; Intel Mac OS X 10_15_7) AppleWebKit/605.1.15 (KHTML, like Gecko) Version/17.0 Safari/605.1.15\"\n  },\n  method: \"GET\",\n  mode: \"cors\",\n  redirect: \"follow\",\n  referrer: \"https://practicesoftwaretesting.com/\",\n  referrerPolicy: \"strict-origin-when-cross-origin\"\n});\ncy.get('[data-test=\"product-name\"]').should(\"contain\", response.name);\ncy.get('[data-test=\"product-description\"]').should(\"contain\", response.description);",
              "err": {},
              "uuid": "129d7861-2a35-47af-9fcb-1507ca31f78a",
              "parentUUID": "d9a69afe-f211-459c-bf25-646343f9740c",
              "isHook": false,
              "skipped": false
            },
            {
              "title": "Can increase/decrease quantity of product",
              "fullTitle": "HomePage Can increase/decrease quantity of product",
              "timedOut": null,
              "duration": 1303,
              "state": "passed",
              "speed": "fast",
              "pass": true,
              "fail": false,
              "pending": false,
              "context": null,
              "code": "cy.get(`[data-test=\"${ids[0]}\"] > .card-img-wrapper > .card-img-top`).click();\ncy.get('[data-test=\"increase-quantity\"]').click();\ncy.get('[data-test=\"increase-quantity\"]').click();\ncy.get('[data-test=\"quantity\"]').should(\"have.value\", 3);\ncy.get('[data-test=\"decrease-quantity\"]').click();\ncy.get('[data-test=\"quantity\"]').should(\"have.value\", 2);",
              "err": {},
              "uuid": "9f1b86c5-08d3-4c36-9b3e-dbdcafa8ba86",
              "parentUUID": "d9a69afe-f211-459c-bf25-646343f9740c",
              "isHook": false,
              "skipped": false
            },
            {
              "title": "Can add product to cart",
              "fullTitle": "HomePage Can add product to cart",
              "timedOut": null,
              "duration": 2713,
              "state": "passed",
              "speed": "fast",
              "pass": true,
              "fail": false,
              "pending": false,
              "context": null,
              "code": "cy.get(`[data-test=\"${ids[0]}\"] > .card-img-wrapper > .card-img-top`).click();\ncy.get('[data-test=\"add-to-cart\"]').click();\ncy.get(\".toast-body\").should(\"contain\", \"Product added to shopping cart.\");",
              "err": {},
              "uuid": "9b07c338-fe19-40f5-8d6f-100752ddc1bb",
              "parentUUID": "d9a69afe-f211-459c-bf25-646343f9740c",
              "isHook": false,
              "skipped": false
            },
            {
              "title": "Can't add product to favourites (Not Loged In)",
              "fullTitle": "HomePage Can't add product to favourites (Not Loged In)",
              "timedOut": null,
              "duration": 3550,
              "state": "passed",
              "speed": "fast",
              "pass": true,
              "fail": false,
              "pending": false,
              "context": null,
              "code": "cy.get(`[data-test=\"${ids[0]}\"] > .card-img-wrapper > .card-img-top`).click();\ncy.get('[data-test=\"add-to-favorites\"]').click();\ncy.get(\".toast-body\").should(\"contain\", \"Unauthorized, can not add product to your favorite list.\");",
              "err": {},
              "uuid": "23c4d245-5b93-42ef-9049-5688a18a52ae",
              "parentUUID": "d9a69afe-f211-459c-bf25-646343f9740c",
              "isHook": false,
              "skipped": false
            },
            {
              "title": "Can add product to favourites",
              "fullTitle": "HomePage Can add product to favourites",
              "timedOut": null,
              "duration": 8672,
              "state": "failed",
              "speed": null,
              "pass": false,
              "fail": true,
              "pending": false,
              "context": null,
              "code": "cy.login();\ncy.visit(\"https://practicesoftwaretesting.com/#/\");\ncy.get(`[data-test=\"${ids[0]}\"] > .card-img-wrapper > .card-img-top`).click();\ncy.get('[data-test=\"add-to-favorites\"]').click();\ncy.get(\".toast-body\").should(\"contain\", \"favorite\");",
              "err": {
                "message": "AssertionError: Timed out retrying after 4000ms: Expected to find content: 'Doe John' within the element: <a#user-menu.nav-link.dropdown-toggle> but never did.",
                "estack": "AssertionError: Timed out retrying after 4000ms: Expected to find content: 'Doe John' within the element: <a#user-menu.nav-link.dropdown-toggle> but never did.\n    at Context.eval (webpack://cypress-test/./cypress/support/commands.js:20:40)",
                "diff": null
              },
              "uuid": "90bb6bc3-c9e5-4a6d-8098-48b59e48fb59",
              "parentUUID": "d9a69afe-f211-459c-bf25-646343f9740c",
              "isHook": false,
              "skipped": false
            }
          ],
          "suites": [],
          "passes": [
            "a18580d4-2f20-45ff-8a12-a844d8d1d050",
            "129d7861-2a35-47af-9fcb-1507ca31f78a",
            "9f1b86c5-08d3-4c36-9b3e-dbdcafa8ba86",
            "9b07c338-fe19-40f5-8d6f-100752ddc1bb",
            "23c4d245-5b93-42ef-9049-5688a18a52ae"
          ],
          "failures": [
            "90bb6bc3-c9e5-4a6d-8098-48b59e48fb59"
          ],
          "pending": [],
          "skipped": [],
          "duration": 22130,
          "root": false,
          "rootEmpty": false,
          "_timeout": 2000
        }
      ],
      "passes": [],
      "failures": [],
      "pending": [],
      "skipped": [],
      "duration": 0,
      "root": true,
      "rootEmpty": true,
      "_timeout": 2000
    },
    {
      "uuid": "55b08538-9e93-4124-bdd2-52027508d66e",
      "title": "",
      "fullFile": "cypress/e2e/3-specs/06.PlaceAnOrder.cy.js",
      "file": "cypress/e2e/3-specs/06.PlaceAnOrder.cy.js",
      "beforeHooks": [],
      "afterHooks": [],
      "tests": [],
      "suites": [
        {
          "uuid": "6b0ae3a0-8001-4ce5-a368-f7afea6c5be9",
          "title": "HomePage",
          "fullFile": "",
          "file": "",
          "beforeHooks": [],
          "afterHooks": [],
          "tests": [
            {
              "title": "Can place an order",
              "fullTitle": "HomePage Can place an order",
              "timedOut": null,
              "duration": 9450,
              "state": "failed",
              "speed": null,
              "pass": false,
              "fail": true,
              "pending": false,
              "context": null,
              "code": "cy.login();\ncy.visit(\"https://practicesoftwaretesting.com/#/\");\ncy.get(`[data-test=\"${ids[0]}\"] > .card-img-wrapper > .card-img-top`).click();\ncy.get('[data-test=\"add-to-cart\"]').click();\ncy.get('[data-test=\"nav-cart\"] > .fa').click();\ncy.get('[data-test=\"proceed-1\"]').click();\ncy.get('[data-test=\"proceed-2\"]').click();\ncy.get('[data-test=\"proceed-3\"]').click();\ncy.get('[data-test=\"payment-method\"]').select(\"Gift Card\");\ncy.get('[data-test=\"account-name\"]').type(\"John Doe\");\ncy.get('[data-test=\"account-number\"]').type(\"John Doe\");\ncy.get('[data-test=\"finish\"]').click();\ncy.get(\".help-block\").should(\"contain\", \"Payment was successful\");",
              "err": {
                "message": "AssertionError: Timed out retrying after 4000ms: Expected to find content: 'Doe John' within the element: <a#user-menu.nav-link.dropdown-toggle> but never did.",
                "estack": "AssertionError: Timed out retrying after 4000ms: Expected to find content: 'Doe John' within the element: <a#user-menu.nav-link.dropdown-toggle> but never did.\n    at Context.eval (webpack://cypress-test/./cypress/support/commands.js:20:40)",
                "diff": null
              },
              "uuid": "c46b9b9b-1de9-4747-9e5e-c1288dde340b",
              "parentUUID": "6b0ae3a0-8001-4ce5-a368-f7afea6c5be9",
              "isHook": false,
              "skipped": false
            }
          ],
          "suites": [],
          "passes": [],
          "failures": [
            "c46b9b9b-1de9-4747-9e5e-c1288dde340b"
          ],
          "pending": [],
          "skipped": [],
          "duration": 9450,
          "root": false,
          "rootEmpty": false,
          "_timeout": 2000
        }
      ],
      "passes": [],
      "failures": [],
      "pending": [],
      "skipped": [],
      "duration": 0,
      "root": true,
      "rootEmpty": true,
      "_timeout": 2000
    }
  ],
  "meta": {
    "mocha": {
      "version": "7.0.1"
    },
    "mochawesome": {
      "options": {
        "quiet": false,
        "reportFilename": "mochawesome",
        "saveHtml": false,
        "saveJson": true,
        "consoleReporter": "spec",
        "useInlineDiffs": false,
        "code": true
      },
      "version": "7.1.3"
    },
    "marge": {
      "options": {
        "id": "default",
        "reportDir": "cypress/reports/mocha",
        "quite": true,
        "overwrite": false,
        "html": false,
        "json": true
      },
      "version": "6.2.0"
    }
  }
}