{
  "stats": {
    "suites": 12,
    "tests": 54,
    "passes": 47,
    "pending": 0,
    "failures": 7,
    "testsRegistered": 54,
    "passPercent": 87.03703703703704,
    "pendingPercent": 0,
    "other": 0,
    "hasOther": false,
    "skipped": 0,
    "hasSkipped": false,
    "start": "2023-10-19T20:56:19.315Z",
    "end": "2023-11-06T07:19:38.229Z",
    "duration": 1506198914
  },
  "results": [
    {
      "uuid": "9528ba65-487f-49e1-ba3f-0e3ee8e55254",
      "title": "",
      "fullFile": "cypress/e2e/3-specs/01.NavigationBar.cy.js",
      "file": "cypress/e2e/3-specs/01.NavigationBar.cy.js",
      "beforeHooks": [],
      "afterHooks": [],
      "tests": [],
      "suites": [
        {
          "uuid": "0c2c514d-a4c7-4b9c-b840-15491ecbd55a",
          "title": "Navigation Bar",
          "fullFile": "",
          "file": "",
          "beforeHooks": [],
          "afterHooks": [],
          "tests": [
            {
              "title": "Should be able to navigate to Home",
              "fullTitle": "Navigation Bar Should be able to navigate to Home",
              "timedOut": null,
              "duration": 3058,
              "state": "passed",
              "speed": "fast",
              "pass": true,
              "fail": false,
              "pending": false,
              "context": null,
              "code": "cy.get('[data-test=\"nav-home\"]').click();\ncy.url().should(\"include\", \"/#\");",
              "err": {},
              "uuid": "204ca793-9a43-45f2-98fd-9bb3b2425478",
              "parentUUID": "0c2c514d-a4c7-4b9c-b840-15491ecbd55a",
              "isHook": false,
              "skipped": false
            },
            {
              "title": "Should be able to navigate to Hand Tools",
              "fullTitle": "Navigation Bar Should be able to navigate to Hand Tools",
              "timedOut": null,
              "duration": 2357,
              "state": "passed",
              "speed": "fast",
              "pass": true,
              "fail": false,
              "pending": false,
              "context": null,
              "code": "cy.get('[data-test=\"nav-categories\"]').click();\ncy.get('[data-test=\"nav-hand-tools\"]').click();\ncy.url().should(\"include\", \"/category/hand-tools\");",
              "err": {},
              "uuid": "6e596782-ca06-49c2-a21d-ecba1e28e294",
              "parentUUID": "0c2c514d-a4c7-4b9c-b840-15491ecbd55a",
              "isHook": false,
              "skipped": false
            },
            {
              "title": "Should be able to navigate to power tools",
              "fullTitle": "Navigation Bar Should be able to navigate to power tools",
              "timedOut": null,
              "duration": 2321,
              "state": "passed",
              "speed": "fast",
              "pass": true,
              "fail": false,
              "pending": false,
              "context": null,
              "code": "cy.get('[data-test=\"nav-categories\"]').click();\ncy.get('[data-test=\"nav-power-tools\"]').click();\ncy.url().should(\"include\", \"/category/power-tools\");",
              "err": {},
              "uuid": "5b1bed82-0585-4861-a781-03ae56945b3e",
              "parentUUID": "0c2c514d-a4c7-4b9c-b840-15491ecbd55a",
              "isHook": false,
              "skipped": false
            },
            {
              "title": "Should be able to navigate to special tools",
              "fullTitle": "Navigation Bar Should be able to navigate to special tools",
              "timedOut": null,
              "duration": 2318,
              "state": "passed",
              "speed": "fast",
              "pass": true,
              "fail": false,
              "pending": false,
              "context": null,
              "code": "cy.get('[data-test=\"nav-categories\"]').click();\ncy.get('[data-test=\"nav-special-tools\"]').click();\ncy.url().should(\"include\", \"/category/special-tools\");",
              "err": {},
              "uuid": "3a7ba43d-e080-42ed-8fc9-3e09deccc0c0",
              "parentUUID": "0c2c514d-a4c7-4b9c-b840-15491ecbd55a",
              "isHook": false,
              "skipped": false
            },
            {
              "title": "Should be able to navigate to rentals",
              "fullTitle": "Navigation Bar Should be able to navigate to rentals",
              "timedOut": null,
              "duration": 2582,
              "state": "passed",
              "speed": "fast",
              "pass": true,
              "fail": false,
              "pending": false,
              "context": null,
              "code": "cy.get('[data-test=\"nav-categories\"]').click();\ncy.get('[data-test=\"nav-rentals\"]').click();\ncy.url().should(\"include\", \"/rentals\");",
              "err": {},
              "uuid": "8ff7182e-0178-49b7-b4b9-c68afc87faac",
              "parentUUID": "0c2c514d-a4c7-4b9c-b840-15491ecbd55a",
              "isHook": false,
              "skipped": false
            },
            {
              "title": "Should be able to navigate to sign in",
              "fullTitle": "Navigation Bar Should be able to navigate to sign in",
              "timedOut": null,
              "duration": 4070,
              "state": "passed",
              "speed": "fast",
              "pass": true,
              "fail": false,
              "pending": false,
              "context": null,
              "code": "cy.get('[data-test=\"nav-sign-in\"]').click();\ncy.url().should(\"include\", \"/auth/login\");",
              "err": {},
              "uuid": "e780dc42-d4aa-46f3-9f93-43f5913fdd93",
              "parentUUID": "0c2c514d-a4c7-4b9c-b840-15491ecbd55a",
              "isHook": false,
              "skipped": false
            },
            {
              "title": "Should be able to navigate to contact",
              "fullTitle": "Navigation Bar Should be able to navigate to contact",
              "timedOut": null,
              "duration": 2533,
              "state": "passed",
              "speed": "fast",
              "pass": true,
              "fail": false,
              "pending": false,
              "context": null,
              "code": "cy.get('[data-test=\"nav-contact\"]').click();\ncy.url().should(\"include\", \"/contact\");",
              "err": {},
              "uuid": "9f75024c-b231-4e71-a7b8-477bc4332f26",
              "parentUUID": "0c2c514d-a4c7-4b9c-b840-15491ecbd55a",
              "isHook": false,
              "skipped": false
            }
          ],
          "suites": [],
          "passes": [
            "204ca793-9a43-45f2-98fd-9bb3b2425478",
            "6e596782-ca06-49c2-a21d-ecba1e28e294",
            "5b1bed82-0585-4861-a781-03ae56945b3e",
            "3a7ba43d-e080-42ed-8fc9-3e09deccc0c0",
            "8ff7182e-0178-49b7-b4b9-c68afc87faac",
            "e780dc42-d4aa-46f3-9f93-43f5913fdd93",
            "9f75024c-b231-4e71-a7b8-477bc4332f26"
          ],
          "failures": [],
          "pending": [],
          "skipped": [],
          "duration": 19239,
          "root": false,
          "rootEmpty": false,
          "_timeout": 2000
        }
      ],
      "passes": [],
      "failures": [],
      "pending": [],
      "skipped": [],
      "duration": 0,
      "root": true,
      "rootEmpty": true,
      "_timeout": 2000
    },
    {
      "uuid": "04419b5e-39c1-474c-a368-a0599e4bc5eb",
      "title": "",
      "fullFile": "cypress/e2e/3-specs/02.HomePage.cy.js",
      "file": "cypress/e2e/3-specs/02.HomePage.cy.js",
      "beforeHooks": [],
      "afterHooks": [],
      "tests": [],
      "suites": [
        {
          "uuid": "b5a034a5-d467-40e7-8fdb-7d3c23c6e423",
          "title": "HomePage",
          "fullFile": "",
          "file": "",
          "beforeHooks": [],
          "afterHooks": [],
          "tests": [
            {
              "title": "Apply filters and sort",
              "fullTitle": "HomePage Apply filters and sort",
              "timedOut": null,
              "duration": 7927,
              "state": "failed",
              "speed": null,
              "pass": false,
              "fail": true,
              "pending": false,
              "context": null,
              "code": "cy.get('[data-test=\"sort\"]').select(\"Name (A - Z)\");\ncy.get(\".ngx-slider-model-high\").contains(\"100\");\ncy.get(\".ngx-slider-full-bar > .ngx-slider-span\").click({\n  multiple: true,\n  force: true\n});\ncy.get(\".ngx-slider-model-high\").should(\"contain\", \"100\");\ncy.get(\":nth-child(13) > ul > :nth-child(1) > label\").click();\ncy.get(\":nth-child(13) > ul > :nth-child(2) > label\").click();\ncy.get(\":nth-child(14) > ul > :nth-child(1) > label\").click();\ncy.get(\":nth-child(14) > ul > :nth-child(2) > label\").click();\ncy.get(\":nth-child(18) > label\").click();",
              "err": {
                "message": "AssertionError: Timed out retrying after 4000ms: Expected to find element: `:nth-child(18) > label`, but never found it.",
                "estack": "AssertionError: Timed out retrying after 4000ms: Expected to find element: `:nth-child(18) > label`, but never found it.\n    at Context.eval (webpack://cypress-test/./cypress/e2e/3-specs/02.HomePage.cy.js:18:7)",
                "diff": null
              },
              "uuid": "0a5c8214-0944-4166-a113-f06e3f84e359",
              "parentUUID": "b5a034a5-d467-40e7-8fdb-7d3c23c6e423",
              "isHook": false,
              "skipped": false
            },
            {
              "title": "Should be able to press on first product and go back",
              "fullTitle": "HomePage Should be able to press on first product and go back",
              "timedOut": null,
              "duration": 2763,
              "state": "passed",
              "speed": "fast",
              "pass": true,
              "fail": false,
              "pending": false,
              "context": null,
              "code": "var ids = [];\ncy.get('[data-test*=\"product\"]').then($elements => {\n  $elements.each((index, element) => {\n    const productId = Cypress.$(element).attr(\"data-test\");\n    ids.push(productId);\n  });\n  console.log(ids);\n  cy.get(`[data-test=\"${ids[0]}\"] > .card-img-wrapper > .card-img-top`).click();\n  cy.go(\"back\");\n  cy.get(`[data-test=\"${ids[0]}\"] > .card-img-wrapper > .card-img-top`).should(\"be.visible\");\n});",
              "err": {},
              "uuid": "39962b22-285c-4662-a4b5-9fd40e8ba484",
              "parentUUID": "b5a034a5-d467-40e7-8fdb-7d3c23c6e423",
              "isHook": false,
              "skipped": false
            },
            {
              "title": "Should be able to navigate between pages",
              "fullTitle": "HomePage Should be able to navigate between pages",
              "timedOut": null,
              "duration": 2427,
              "state": "passed",
              "speed": "fast",
              "pass": true,
              "fail": false,
              "pending": false,
              "context": null,
              "code": "cy.get(\".ngx-pagination > :nth-child(4) > a\").click();\ncy.get(\".ngx-pagination > :nth-child(5) > a\").click();\ncy.get(\".ngx-pagination > :nth-child(3) > a\").click();",
              "err": {},
              "uuid": "79b8eacb-b48d-4b80-aefc-959a36e04cb5",
              "parentUUID": "b5a034a5-d467-40e7-8fdb-7d3c23c6e423",
              "isHook": false,
              "skipped": false
            }
          ],
          "suites": [],
          "passes": [
            "39962b22-285c-4662-a4b5-9fd40e8ba484",
            "79b8eacb-b48d-4b80-aefc-959a36e04cb5"
          ],
          "failures": [
            "0a5c8214-0944-4166-a113-f06e3f84e359"
          ],
          "pending": [],
          "skipped": [],
          "duration": 13117,
          "root": false,
          "rootEmpty": false,
          "_timeout": 2000
        }
      ],
      "passes": [],
      "failures": [],
      "pending": [],
      "skipped": [],
      "duration": 0,
      "root": true,
      "rootEmpty": true,
      "_timeout": 2000
    },
    {
      "uuid": "979f1e93-9521-4944-9895-48fec0fd44b3",
      "title": "",
      "fullFile": "cypress/e2e/3-specs/03.Account.cy.js",
      "file": "cypress/e2e/3-specs/03.Account.cy.js",
      "beforeHooks": [],
      "afterHooks": [],
      "tests": [],
      "suites": [
        {
          "uuid": "b6119d68-aa9c-4d6b-947d-d57eb4745fdd",
          "title": "Account",
          "fullFile": "",
          "file": "",
          "beforeHooks": [],
          "afterHooks": [],
          "tests": [
            {
              "title": "Register",
              "fullTitle": "Account Register",
              "timedOut": null,
              "duration": 5828,
              "state": "passed",
              "speed": "medium",
              "pass": true,
              "fail": false,
              "pending": false,
              "context": null,
              "code": "cy.get('[data-test=\"nav-sign-in\"]').click();\ncy.get('[data-test=\"register-link\"]').click();\ncy.get('[data-test=\"first-name\"]').type(\"Doe\");\ncy.get('[data-test=\"last-name\"]').type(\"John\");\ncy.get('[data-test=\"dob\"]').type(\"1999-10-22\");\ncy.get('[data-test=\"address\"]').type(\"Street test, 10\");\ncy.get('[data-test=\"postcode\"]').type(\"910021\");\ncy.get('[data-test=\"city\"]').type(\"TestCity\");\ncy.get('[data-test=\"state\"]').type(\"TestState\");\ncy.get('[data-test=\"country\"]').select(\"Romania\");\ncy.get('[data-test=\"phone\"]').type(\"0700000000\");\ncy.get('[data-test=\"email\"]').type(\"John.Doe.Demo.Vlad@example.com\");\ncy.get('[data-test=\"password\"]').type(\"JohnDoePass\");\ncy.get('[data-test=\"register-submit\"]').click();",
              "err": {},
              "uuid": "81330e14-39d3-4401-9def-1db1eebf48bf",
              "parentUUID": "b6119d68-aa9c-4d6b-947d-d57eb4745fdd",
              "isHook": false,
              "skipped": false
            },
            {
              "title": "Register -> This email address already exists.",
              "fullTitle": "Account Register -> This email address already exists.",
              "timedOut": null,
              "duration": 5607,
              "state": "passed",
              "speed": "medium",
              "pass": true,
              "fail": false,
              "pending": false,
              "context": null,
              "code": "cy.get('[data-test=\"nav-sign-in\"]').click();\ncy.get('[data-test=\"register-link\"]').click();\ncy.get('[data-test=\"first-name\"]').type(\"Doe\");\ncy.get('[data-test=\"last-name\"]').type(\"John\");\ncy.get('[data-test=\"dob\"]').type(\"1999-10-22\");\ncy.get('[data-test=\"address\"]').type(\"Street test, 10\");\ncy.get('[data-test=\"postcode\"]').type(\"910021\");\ncy.get('[data-test=\"city\"]').type(\"TestCity\");\ncy.get('[data-test=\"state\"]').type(\"TestState\");\ncy.get('[data-test=\"country\"]').select(\"Romania\");\ncy.get('[data-test=\"phone\"]').type(\"0700000000\");\ncy.get('[data-test=\"email\"]').type(\"John.Doe.Demo.Vlad@example.com\");\ncy.get('[data-test=\"password\"]').type(\"JohnDoePass\");\ncy.get('[data-test=\"register-submit\"]').click();\ncy.get('[data-test=\"register-error\"]').should(\"be.visible\");",
              "err": {},
              "uuid": "caf61bde-a614-4360-abbb-38d377c8f19e",
              "parentUUID": "b6119d68-aa9c-4d6b-947d-d57eb4745fdd",
              "isHook": false,
              "skipped": false
            },
            {
              "title": "Login wrong account",
              "fullTitle": "Account Login wrong account",
              "timedOut": null,
              "duration": 4092,
              "state": "passed",
              "speed": "fast",
              "pass": true,
              "fail": false,
              "pending": false,
              "context": null,
              "code": "cy.get('[data-test=\"nav-sign-in\"]').click();\ncy.get('[data-test=\"email\"]').type(\"John.Doe@example.com\");\ncy.get('[data-test=\"password\"]').type(\"JohnDoe\");\ncy.get('[data-test=\"login-submit\"]').click();\ncy.get('[data-test=\"login-error\"]').should(\"be.visible\");",
              "err": {},
              "uuid": "e04548c0-3322-4d08-ad78-d667b71ff4c7",
              "parentUUID": "b6119d68-aa9c-4d6b-947d-d57eb4745fdd",
              "isHook": false,
              "skipped": false
            },
            {
              "title": "Login real account and Sign Out",
              "fullTitle": "Account Login real account and Sign Out",
              "timedOut": null,
              "duration": 8825,
              "state": "failed",
              "speed": null,
              "pass": false,
              "fail": true,
              "pending": false,
              "context": null,
              "code": "cy.login();\ncy.get('[data-test=\"nav-user-menu\"]').click();\ncy.get('[data-test=\"nav-sign-out\"]').click();",
              "err": {
                "message": "AssertionError: Timed out retrying after 4000ms: Expected to find content: 'Doe John' within the element: <a#user-menu.nav-link.dropdown-toggle> but never did.",
                "estack": "AssertionError: Timed out retrying after 4000ms: Expected to find content: 'Doe John' within the element: <a#user-menu.nav-link.dropdown-toggle> but never did.\n    at Context.eval (webpack://cypress-test/./cypress/support/commands.js:20:40)",
                "diff": null
              },
              "uuid": "38bc1ce5-46b4-4bce-822a-e18096627ef8",
              "parentUUID": "b6119d68-aa9c-4d6b-947d-d57eb4745fdd",
              "isHook": false,
              "skipped": false
            }
          ],
          "suites": [],
          "passes": [
            "81330e14-39d3-4401-9def-1db1eebf48bf",
            "caf61bde-a614-4360-abbb-38d377c8f19e",
            "e04548c0-3322-4d08-ad78-d667b71ff4c7"
          ],
          "failures": [
            "38bc1ce5-46b4-4bce-822a-e18096627ef8"
          ],
          "pending": [],
          "skipped": [],
          "duration": 24352,
          "root": false,
          "rootEmpty": false,
          "_timeout": 2000
        }
      ],
      "passes": [],
      "failures": [],
      "pending": [],
      "skipped": [],
      "duration": 0,
      "root": true,
      "rootEmpty": true,
      "_timeout": 2000
    },
    {
      "uuid": "e6802bc5-e481-4b05-97ac-955f517fd04e",
      "title": "",
      "fullFile": "cypress/e2e/3-specs/04.Contact.cy.js",
      "file": "cypress/e2e/3-specs/04.Contact.cy.js",
      "beforeHooks": [],
      "afterHooks": [],
      "tests": [],
      "suites": [
        {
          "uuid": "ed6b61b6-cb7b-448b-ad28-31cdefe067c6",
          "title": "Contact",
          "fullFile": "",
          "file": "",
          "beforeHooks": [],
          "afterHooks": [],
          "tests": [
            {
              "title": "Message shorther",
              "fullTitle": "Contact Message shorther",
              "timedOut": null,
              "duration": 4194,
              "state": "passed",
              "speed": "fast",
              "pass": true,
              "fail": false,
              "pending": false,
              "context": null,
              "code": "cy.get('[data-test=\"first-name\"]').type(\"Doe\");\ncy.get('[data-test=\"last-name\"]').type(\"John\");\ncy.get('[data-test=\"email\"]').type(\"John.Doe@example.com\");\ncy.get('[data-test=\"subject\"]').select(\"Webmaster\");\ncy.get('[data-test=\"message\"]').type(\"This is a test message.\\n Ignore it.\");\ncy.get('[data-test=\"contact-submit\"]').click();\ncy.get('[data-test=\"message-error\"]').should(\"contain\", \"Message must be minimal 50 characters\");",
              "err": {},
              "uuid": "801369c8-e2e0-4838-9daa-ed5f0346065d",
              "parentUUID": "ed6b61b6-cb7b-448b-ad28-31cdefe067c6",
              "isHook": false,
              "skipped": false
            },
            {
              "title": "No firstname",
              "fullTitle": "Contact No firstname",
              "timedOut": null,
              "duration": 4795,
              "state": "passed",
              "speed": "fast",
              "pass": true,
              "fail": false,
              "pending": false,
              "context": null,
              "code": "cy.get('[data-test=\"last-name\"]').type(\"John\");\ncy.get('[data-test=\"email\"]').type(\"John.Doe@example.com\");\ncy.get('[data-test=\"subject\"]').select(\"Webmaster\");\ncy.get('[data-test=\"message\"]').type(\"This is a test message.\\n Ignore it.\\n Lorem ipsum dolor sit amet, consectetur adipiscing elit. Ut nisl arcu, mattis vel ex in, interdum dictum metus.\");\ncy.get('[data-test=\"contact-submit\"]').click();\ncy.get('[data-test=\"first-name-error\"]').should(\"be.visible\");",
              "err": {},
              "uuid": "d3717521-1c90-4667-92d9-b468c8ebe208",
              "parentUUID": "ed6b61b6-cb7b-448b-ad28-31cdefe067c6",
              "isHook": false,
              "skipped": false
            },
            {
              "title": "No lastName",
              "fullTitle": "Contact No lastName",
              "timedOut": null,
              "duration": 4759,
              "state": "passed",
              "speed": "fast",
              "pass": true,
              "fail": false,
              "pending": false,
              "context": null,
              "code": "cy.get('[data-test=\"first-name\"]').type(\"Doe\");\ncy.get('[data-test=\"email\"]').type(\"John.Doe@example.com\");\ncy.get('[data-test=\"subject\"]').select(\"Webmaster\");\ncy.get('[data-test=\"message\"]').type(\"This is a test message.\\n Ignore it.\\n Lorem ipsum dolor sit amet, consectetur adipiscing elit. Ut nisl arcu, mattis vel ex in, interdum dictum metus.\");\ncy.get('[data-test=\"contact-submit\"]').click();\ncy.get('[data-test=\"last-name-error\"]').should(\"be.visible\");",
              "err": {},
              "uuid": "50467b4f-2daf-49cf-9e62-7d2f8a7ef89a",
              "parentUUID": "ed6b61b6-cb7b-448b-ad28-31cdefe067c6",
              "isHook": false,
              "skipped": false
            },
            {
              "title": "No email",
              "fullTitle": "Contact No email",
              "timedOut": null,
              "duration": 5070,
              "state": "passed",
              "speed": "medium",
              "pass": true,
              "fail": false,
              "pending": false,
              "context": null,
              "code": "cy.get('[data-test=\"first-name\"]').type(\"Doe\");\ncy.get('[data-test=\"last-name\"]').type(\"John\");\ncy.get('[data-test=\"subject\"]').select(\"Webmaster\");\ncy.get('[data-test=\"message\"]').type(\"This is a test message.\\n Ignore it.\\n Lorem ipsum dolor sit amet, consectetur adipiscing elit. Ut nisl arcu, mattis vel ex in, interdum dictum metus.\");\ncy.get('[data-test=\"contact-submit\"]').click();\ncy.get('[data-test=\"email-error\"]').should(\"be.visible\");",
              "err": {},
              "uuid": "e5676dd7-87c5-4f8a-af08-f4f4bc054261",
              "parentUUID": "ed6b61b6-cb7b-448b-ad28-31cdefe067c6",
              "isHook": false,
              "skipped": false
            },
            {
              "title": "No subject",
              "fullTitle": "Contact No subject",
              "timedOut": null,
              "duration": 5216,
              "state": "passed",
              "speed": "medium",
              "pass": true,
              "fail": false,
              "pending": false,
              "context": null,
              "code": "cy.get('[data-test=\"first-name\"]').type(\"Doe\");\ncy.get('[data-test=\"last-name\"]').type(\"John\");\ncy.get('[data-test=\"email\"]').type(\"John.Doe@example.com\");\ncy.get('[data-test=\"message\"]').type(\"This is a test message.\\n Ignore it.\\n Lorem ipsum dolor sit amet, consectetur adipiscing elit. Ut nisl arcu, mattis vel ex in, interdum dictum metus.\");\ncy.get('[data-test=\"contact-submit\"]').click();\ncy.get('[data-test=\"subject-error\"]').should(\"be.visible\");",
              "err": {},
              "uuid": "70fdcf62-a231-4e70-8396-311a18eedb7d",
              "parentUUID": "ed6b61b6-cb7b-448b-ad28-31cdefe067c6",
              "isHook": false,
              "skipped": false
            },
            {
              "title": "Shoud be able to send a message with contact form",
              "fullTitle": "Contact Shoud be able to send a message with contact form",
              "timedOut": null,
              "duration": 5756,
              "state": "passed",
              "speed": "medium",
              "pass": true,
              "fail": false,
              "pending": false,
              "context": null,
              "code": "cy.get('[data-test=\"first-name\"]').type(\"Doe\");\ncy.get('[data-test=\"last-name\"]').type(\"John\");\ncy.get('[data-test=\"email\"]').type(\"John.Doe@example.com\");\ncy.get('[data-test=\"subject\"]').select(\"Webmaster\");\ncy.get('[data-test=\"message\"]').type(\"This is a test message.\\n Ignore it.\\n Lorem ipsum dolor sit amet, consectetur adipiscing elit. Ut nisl arcu, mattis vel ex in, interdum dictum metus.\");\ncy.get('[data-test=\"contact-submit\"]').click();\ncy.get(\".alert\").should(\"contain\", \"Thanks for your message! We will contact you shortly.\");",
              "err": {},
              "uuid": "87fa8117-fa17-495e-b5f4-60e57d6d7398",
              "parentUUID": "ed6b61b6-cb7b-448b-ad28-31cdefe067c6",
              "isHook": false,
              "skipped": false
            }
          ],
          "suites": [],
          "passes": [
            "801369c8-e2e0-4838-9daa-ed5f0346065d",
            "d3717521-1c90-4667-92d9-b468c8ebe208",
            "50467b4f-2daf-49cf-9e62-7d2f8a7ef89a",
            "e5676dd7-87c5-4f8a-af08-f4f4bc054261",
            "70fdcf62-a231-4e70-8396-311a18eedb7d",
            "87fa8117-fa17-495e-b5f4-60e57d6d7398"
          ],
          "failures": [],
          "pending": [],
          "skipped": [],
          "duration": 29790,
          "root": false,
          "rootEmpty": false,
          "_timeout": 2000
        }
      ],
      "passes": [],
      "failures": [],
      "pending": [],
      "skipped": [],
      "duration": 0,
      "root": true,
      "rootEmpty": true,
      "_timeout": 2000
    },
    {
      "uuid": "d16e2488-2aa1-44cf-bcf9-f15913acba12",
      "title": "",
      "fullFile": "cypress/e2e/3-specs/05.Product.cy.js",
      "file": "cypress/e2e/3-specs/05.Product.cy.js",
      "beforeHooks": [],
      "afterHooks": [],
      "tests": [],
      "suites": [
        {
          "uuid": "d9a69afe-f211-459c-bf25-646343f9740c",
          "title": "HomePage",
          "fullFile": "",
          "file": "",
          "beforeHooks": [],
          "afterHooks": [],
          "tests": [
            {
              "title": "First Product must match description and name with backend",
              "fullTitle": "HomePage First Product must match description and name with backend",
              "timedOut": null,
              "duration": 3271,
              "state": "passed",
              "speed": "fast",
              "pass": true,
              "fail": false,
              "pending": false,
              "context": null,
              "code": "cy.get(`[data-test=\"${ids[0]}\"] > .card-img-wrapper > .card-img-top`).click();\nlet id = `${ids[0]}`.substring(8);\nlet response = await fetch(`https://api.practicesoftwaretesting.com/products/${id}`, {\n  cache: \"default\",\n  credentials: \"omit\",\n  headers: {\n    Accept: \"application/json, text/plain, */*\",\n    \"Accept-Language\": \"en-GB,en;q=0.9\",\n    \"Content-Type\": \"application/json\",\n    \"User-Agent\": \"Mozilla/5.0 (Macintosh; Intel Mac OS X 10_15_7) AppleWebKit/605.1.15 (KHTML, like Gecko) Version/17.0 Safari/605.1.15\"\n  },\n  method: \"GET\",\n  mode: \"cors\",\n  redirect: \"follow\",\n  referrer: \"https://practicesoftwaretesting.com/\",\n  referrerPolicy: \"strict-origin-when-cross-origin\"\n});\ncy.get('[data-test=\"product-name\"]').should(\"contain\", response.name);\ncy.get('[data-test=\"product-description\"]').should(\"contain\", response.description);",
              "err": {},
              "uuid": "a18580d4-2f20-45ff-8a12-a844d8d1d050",
              "parentUUID": "d9a69afe-f211-459c-bf25-646343f9740c",
              "isHook": false,
              "skipped": false
            },
            {
              "title": "Second Product must match description and name with backend",
              "fullTitle": "HomePage Second Product must match description and name with backend",
              "timedOut": null,
              "duration": 2621,
              "state": "passed",
              "speed": "fast",
              "pass": true,
              "fail": false,
              "pending": false,
              "context": null,
              "code": "cy.get(`[data-test=\"${ids[1]}\"] > .card-img-wrapper > .card-img-top`).click();\nlet id = `${ids[1]}`.substring(8);\nlet response = await fetch(`https://api.practicesoftwaretesting.com/products/${id}`, {\n  cache: \"default\",\n  credentials: \"omit\",\n  headers: {\n    Accept: \"application/json, text/plain, */*\",\n    \"Accept-Language\": \"en-GB,en;q=0.9\",\n    \"Content-Type\": \"application/json\",\n    \"User-Agent\": \"Mozilla/5.0 (Macintosh; Intel Mac OS X 10_15_7) AppleWebKit/605.1.15 (KHTML, like Gecko) Version/17.0 Safari/605.1.15\"\n  },\n  method: \"GET\",\n  mode: \"cors\",\n  redirect: \"follow\",\n  referrer: \"https://practicesoftwaretesting.com/\",\n  referrerPolicy: \"strict-origin-when-cross-origin\"\n});\ncy.get('[data-test=\"product-name\"]').should(\"contain\", response.name);\ncy.get('[data-test=\"product-description\"]').should(\"contain\", response.description);",
              "err": {},
              "uuid": "129d7861-2a35-47af-9fcb-1507ca31f78a",
              "parentUUID": "d9a69afe-f211-459c-bf25-646343f9740c",
              "isHook": false,
              "skipped": false
            },
            {
              "title": "Can increase/decrease quantity of product",
              "fullTitle": "HomePage Can increase/decrease quantity of product",
              "timedOut": null,
              "duration": 1303,
              "state": "passed",
              "speed": "fast",
              "pass": true,
              "fail": false,
              "pending": false,
              "context": null,
              "code": "cy.get(`[data-test=\"${ids[0]}\"] > .card-img-wrapper > .card-img-top`).click();\ncy.get('[data-test=\"increase-quantity\"]').click();\ncy.get('[data-test=\"increase-quantity\"]').click();\ncy.get('[data-test=\"quantity\"]').should(\"have.value\", 3);\ncy.get('[data-test=\"decrease-quantity\"]').click();\ncy.get('[data-test=\"quantity\"]').should(\"have.value\", 2);",
              "err": {},
              "uuid": "9f1b86c5-08d3-4c36-9b3e-dbdcafa8ba86",
              "parentUUID": "d9a69afe-f211-459c-bf25-646343f9740c",
              "isHook": false,
              "skipped": false
            },
            {
              "title": "Can add product to cart",
              "fullTitle": "HomePage Can add product to cart",
              "timedOut": null,
              "duration": 2713,
              "state": "passed",
              "speed": "fast",
              "pass": true,
              "fail": false,
              "pending": false,
              "context": null,
              "code": "cy.get(`[data-test=\"${ids[0]}\"] > .card-img-wrapper > .card-img-top`).click();\ncy.get('[data-test=\"add-to-cart\"]').click();\ncy.get(\".toast-body\").should(\"contain\", \"Product added to shopping cart.\");",
              "err": {},
              "uuid": "9b07c338-fe19-40f5-8d6f-100752ddc1bb",
              "parentUUID": "d9a69afe-f211-459c-bf25-646343f9740c",
              "isHook": false,
              "skipped": false
            },
            {
              "title": "Can't add product to favourites (Not Loged In)",
              "fullTitle": "HomePage Can't add product to favourites (Not Loged In)",
              "timedOut": null,
              "duration": 3550,
              "state": "passed",
              "speed": "fast",
              "pass": true,
              "fail": false,
              "pending": false,
              "context": null,
              "code": "cy.get(`[data-test=\"${ids[0]}\"] > .card-img-wrapper > .card-img-top`).click();\ncy.get('[data-test=\"add-to-favorites\"]').click();\ncy.get(\".toast-body\").should(\"contain\", \"Unauthorized, can not add product to your favorite list.\");",
              "err": {},
              "uuid": "23c4d245-5b93-42ef-9049-5688a18a52ae",
              "parentUUID": "d9a69afe-f211-459c-bf25-646343f9740c",
              "isHook": false,
              "skipped": false
            },
            {
              "title": "Can add product to favourites",
              "fullTitle": "HomePage Can add product to favourites",
              "timedOut": null,
              "duration": 8672,
              "state": "failed",
              "speed": null,
              "pass": false,
              "fail": true,
              "pending": false,
              "context": null,
              "code": "cy.login();\ncy.visit(\"https://practicesoftwaretesting.com/#/\");\ncy.get(`[data-test=\"${ids[0]}\"] > .card-img-wrapper > .card-img-top`).click();\ncy.get('[data-test=\"add-to-favorites\"]').click();\ncy.get(\".toast-body\").should(\"contain\", \"favorite\");",
              "err": {
                "message": "AssertionError: Timed out retrying after 4000ms: Expected to find content: 'Doe John' within the element: <a#user-menu.nav-link.dropdown-toggle> but never did.",
                "estack": "AssertionError: Timed out retrying after 4000ms: Expected to find content: 'Doe John' within the element: <a#user-menu.nav-link.dropdown-toggle> but never did.\n    at Context.eval (webpack://cypress-test/./cypress/support/commands.js:20:40)",
                "diff": null
              },
              "uuid": "90bb6bc3-c9e5-4a6d-8098-48b59e48fb59",
              "parentUUID": "d9a69afe-f211-459c-bf25-646343f9740c",
              "isHook": false,
              "skipped": false
            }
          ],
          "suites": [],
          "passes": [
            "a18580d4-2f20-45ff-8a12-a844d8d1d050",
            "129d7861-2a35-47af-9fcb-1507ca31f78a",
            "9f1b86c5-08d3-4c36-9b3e-dbdcafa8ba86",
            "9b07c338-fe19-40f5-8d6f-100752ddc1bb",
            "23c4d245-5b93-42ef-9049-5688a18a52ae"
          ],
          "failures": [
            "90bb6bc3-c9e5-4a6d-8098-48b59e48fb59"
          ],
          "pending": [],
          "skipped": [],
          "duration": 22130,
          "root": false,
          "rootEmpty": false,
          "_timeout": 2000
        }
      ],
      "passes": [],
      "failures": [],
      "pending": [],
      "skipped": [],
      "duration": 0,
      "root": true,
      "rootEmpty": true,
      "_timeout": 2000
    },
    {
      "uuid": "55b08538-9e93-4124-bdd2-52027508d66e",
      "title": "",
      "fullFile": "cypress/e2e/3-specs/06.PlaceAnOrder.cy.js",
      "file": "cypress/e2e/3-specs/06.PlaceAnOrder.cy.js",
      "beforeHooks": [],
      "afterHooks": [],
      "tests": [],
      "suites": [
        {
          "uuid": "6b0ae3a0-8001-4ce5-a368-f7afea6c5be9",
          "title": "HomePage",
          "fullFile": "",
          "file": "",
          "beforeHooks": [],
          "afterHooks": [],
          "tests": [
            {
              "title": "Can place an order",
              "fullTitle": "HomePage Can place an order",
              "timedOut": null,
              "duration": 9450,
              "state": "failed",
              "speed": null,
              "pass": false,
              "fail": true,
              "pending": false,
              "context": null,
              "code": "cy.login();\ncy.visit(\"https://practicesoftwaretesting.com/#/\");\ncy.get(`[data-test=\"${ids[0]}\"] > .card-img-wrapper > .card-img-top`).click();\ncy.get('[data-test=\"add-to-cart\"]').click();\ncy.get('[data-test=\"nav-cart\"] > .fa').click();\ncy.get('[data-test=\"proceed-1\"]').click();\ncy.get('[data-test=\"proceed-2\"]').click();\ncy.get('[data-test=\"proceed-3\"]').click();\ncy.get('[data-test=\"payment-method\"]').select(\"Gift Card\");\ncy.get('[data-test=\"account-name\"]').type(\"John Doe\");\ncy.get('[data-test=\"account-number\"]').type(\"John Doe\");\ncy.get('[data-test=\"finish\"]').click();\ncy.get(\".help-block\").should(\"contain\", \"Payment was successful\");",
              "err": {
                "message": "AssertionError: Timed out retrying after 4000ms: Expected to find content: 'Doe John' within the element: <a#user-menu.nav-link.dropdown-toggle> but never did.",
                "estack": "AssertionError: Timed out retrying after 4000ms: Expected to find content: 'Doe John' within the element: <a#user-menu.nav-link.dropdown-toggle> but never did.\n    at Context.eval (webpack://cypress-test/./cypress/support/commands.js:20:40)",
                "diff": null
              },
              "uuid": "c46b9b9b-1de9-4747-9e5e-c1288dde340b",
              "parentUUID": "6b0ae3a0-8001-4ce5-a368-f7afea6c5be9",
              "isHook": false,
              "skipped": false
            }
          ],
          "suites": [],
          "passes": [],
          "failures": [
            "c46b9b9b-1de9-4747-9e5e-c1288dde340b"
          ],
          "pending": [],
          "skipped": [],
          "duration": 9450,
          "root": false,
          "rootEmpty": false,
          "_timeout": 2000
        }
      ],
      "passes": [],
      "failures": [],
      "pending": [],
      "skipped": [],
      "duration": 0,
      "root": true,
      "rootEmpty": true,
      "_timeout": 2000
    },
    {
      "uuid": "f8dd86f9-196d-4561-a179-6ffa3a0470b0",
      "title": "",
      "fullFile": "cypress/e2e/3-specs/01.NavigationBar.cy.js",
      "file": "cypress/e2e/3-specs/01.NavigationBar.cy.js",
      "beforeHooks": [],
      "afterHooks": [],
      "tests": [],
      "suites": [
        {
          "uuid": "c0528459-e778-4f85-8ccb-a623d3144a6e",
          "title": "Navigation Bar",
          "fullFile": "",
          "file": "",
          "beforeHooks": [],
          "afterHooks": [],
          "tests": [
            {
              "title": "Should be able to navigate to Home",
              "fullTitle": "Navigation Bar Should be able to navigate to Home",
              "timedOut": null,
              "duration": 2837,
              "state": "passed",
              "speed": "fast",
              "pass": true,
              "fail": false,
              "pending": false,
              "context": null,
              "code": "cy.get('[data-test=\"nav-home\"]').click();\ncy.url().should(\"include\", \"/#\");",
              "err": {},
              "uuid": "1ffc8b68-0431-4e16-9b7b-6dd021c22947",
              "parentUUID": "c0528459-e778-4f85-8ccb-a623d3144a6e",
              "isHook": false,
              "skipped": false
            },
            {
              "title": "Should be able to navigate to Hand Tools",
              "fullTitle": "Navigation Bar Should be able to navigate to Hand Tools",
              "timedOut": null,
              "duration": 2325,
              "state": "passed",
              "speed": "fast",
              "pass": true,
              "fail": false,
              "pending": false,
              "context": null,
              "code": "cy.get('[data-test=\"nav-categories\"]').click();\ncy.get('[data-test=\"nav-hand-tools\"]').click();\ncy.url().should(\"include\", \"/category/hand-tools\");",
              "err": {},
              "uuid": "bb329f01-b279-41e1-98fe-cceef9cfbc31",
              "parentUUID": "c0528459-e778-4f85-8ccb-a623d3144a6e",
              "isHook": false,
              "skipped": false
            },
            {
              "title": "Should be able to navigate to power tools",
              "fullTitle": "Navigation Bar Should be able to navigate to power tools",
              "timedOut": null,
              "duration": 2304,
              "state": "passed",
              "speed": "fast",
              "pass": true,
              "fail": false,
              "pending": false,
              "context": null,
              "code": "cy.get('[data-test=\"nav-categories\"]').click();\ncy.get('[data-test=\"nav-power-tools\"]').click();\ncy.url().should(\"include\", \"/category/power-tools\");",
              "err": {},
              "uuid": "7b4d3adb-a5bf-46b1-9e14-d8a8c013634c",
              "parentUUID": "c0528459-e778-4f85-8ccb-a623d3144a6e",
              "isHook": false,
              "skipped": false
            },
            {
              "title": "Should be able to navigate to special tools",
              "fullTitle": "Navigation Bar Should be able to navigate to special tools",
              "timedOut": null,
              "duration": 2308,
              "state": "passed",
              "speed": "fast",
              "pass": true,
              "fail": false,
              "pending": false,
              "context": null,
              "code": "cy.get('[data-test=\"nav-categories\"]').click();\ncy.get('[data-test=\"nav-special-tools\"]').click();\ncy.url().should(\"include\", \"/category/special-tools\");",
              "err": {},
              "uuid": "d332e1d0-eb69-4bef-94b3-2f0465c20d01",
              "parentUUID": "c0528459-e778-4f85-8ccb-a623d3144a6e",
              "isHook": false,
              "skipped": false
            },
            {
              "title": "Should be able to navigate to rentals",
              "fullTitle": "Navigation Bar Should be able to navigate to rentals",
              "timedOut": null,
              "duration": 2694,
              "state": "passed",
              "speed": "fast",
              "pass": true,
              "fail": false,
              "pending": false,
              "context": null,
              "code": "cy.get('[data-test=\"nav-categories\"]').click();\ncy.get('[data-test=\"nav-rentals\"]').click();\ncy.url().should(\"include\", \"/rentals\");",
              "err": {},
              "uuid": "67f0442a-a82a-4485-bcc8-2c463a4af059",
              "parentUUID": "c0528459-e778-4f85-8ccb-a623d3144a6e",
              "isHook": false,
              "skipped": false
            },
            {
              "title": "Should be able to navigate to sign in",
              "fullTitle": "Navigation Bar Should be able to navigate to sign in",
              "timedOut": null,
              "duration": 2644,
              "state": "passed",
              "speed": "fast",
              "pass": true,
              "fail": false,
              "pending": false,
              "context": null,
              "code": "cy.get('[data-test=\"nav-sign-in\"]').click();\ncy.url().should(\"include\", \"/auth/login\");",
              "err": {},
              "uuid": "4a9c7bbf-3e25-4b97-8139-a99b3dbb3315",
              "parentUUID": "c0528459-e778-4f85-8ccb-a623d3144a6e",
              "isHook": false,
              "skipped": false
            },
            {
              "title": "Should be able to navigate to contact",
              "fullTitle": "Navigation Bar Should be able to navigate to contact",
              "timedOut": null,
              "duration": 2484,
              "state": "passed",
              "speed": "fast",
              "pass": true,
              "fail": false,
              "pending": false,
              "context": null,
              "code": "cy.get('[data-test=\"nav-contact\"]').click();\ncy.url().should(\"include\", \"/contact\");",
              "err": {},
              "uuid": "784f8e27-e4ec-4912-a36d-9134ec1b71e9",
              "parentUUID": "c0528459-e778-4f85-8ccb-a623d3144a6e",
              "isHook": false,
              "skipped": false
            }
          ],
          "suites": [],
          "passes": [
            "1ffc8b68-0431-4e16-9b7b-6dd021c22947",
            "bb329f01-b279-41e1-98fe-cceef9cfbc31",
            "7b4d3adb-a5bf-46b1-9e14-d8a8c013634c",
            "d332e1d0-eb69-4bef-94b3-2f0465c20d01",
            "67f0442a-a82a-4485-bcc8-2c463a4af059",
            "4a9c7bbf-3e25-4b97-8139-a99b3dbb3315",
            "784f8e27-e4ec-4912-a36d-9134ec1b71e9"
          ],
          "failures": [],
          "pending": [],
          "skipped": [],
          "duration": 17596,
          "root": false,
          "rootEmpty": false,
          "_timeout": 2000
        }
      ],
      "passes": [],
      "failures": [],
      "pending": [],
      "skipped": [],
      "duration": 0,
      "root": true,
      "rootEmpty": true,
      "_timeout": 2000
    },
    {
      "uuid": "5090a248-1a86-4e5c-872a-136ce1043f9a",
      "title": "",
      "fullFile": "cypress/e2e/3-specs/02.HomePage.cy.js",
      "file": "cypress/e2e/3-specs/02.HomePage.cy.js",
      "beforeHooks": [],
      "afterHooks": [],
      "tests": [],
      "suites": [
        {
          "uuid": "dca71113-c03c-4903-bf57-b599b2273143",
          "title": "HomePage",
          "fullFile": "",
          "file": "",
          "beforeHooks": [],
          "afterHooks": [],
          "tests": [
            {
              "title": "Apply filters and sort",
              "fullTitle": "HomePage Apply filters and sort",
              "timedOut": null,
              "duration": 7182,
              "state": "failed",
              "speed": null,
              "pass": false,
              "fail": true,
              "pending": false,
              "context": null,
              "code": "cy.get('[data-test=\"sort\"]').select(\"Name (A - Z)\");\ncy.get(\".ngx-slider-model-high\").contains(\"100\");\ncy.get(\".ngx-slider-full-bar > .ngx-slider-span\").click({\n  multiple: true,\n  force: true\n});\ncy.get(\".ngx-slider-model-high\").should(\"contain\", \"100\");\ncy.get(\":nth-child(13) > ul > :nth-child(1) > label\").click();\ncy.get(\":nth-child(13) > ul > :nth-child(2) > label\").click();\ncy.get(\":nth-child(14) > ul > :nth-child(1) > label\").click();\ncy.get(\":nth-child(14) > ul > :nth-child(2) > label\").click();\ncy.get(\":nth-child(18) > label\").click();",
              "err": {
                "message": "AssertionError: Timed out retrying after 4000ms: expected '<span.ngx-slider-span.ngx-slider-bubble.ngx-slider-model-high>' to contain '100'",
                "estack": "AssertionError: Timed out retrying after 4000ms: expected '<span.ngx-slider-span.ngx-slider-bubble.ngx-slider-model-high>' to contain '100'\n    at Context.eval (webpack://cypress-test/./cypress/e2e/3-specs/02.HomePage.cy.js:13:37)",
                "diff": null
              },
              "uuid": "df082d61-eaad-4862-b074-65a5b4491961",
              "parentUUID": "dca71113-c03c-4903-bf57-b599b2273143",
              "isHook": false,
              "skipped": false
            },
            {
              "title": "Should be able to press on first product and go back",
              "fullTitle": "HomePage Should be able to press on first product and go back",
              "timedOut": null,
              "duration": 2704,
              "state": "passed",
              "speed": "fast",
              "pass": true,
              "fail": false,
              "pending": false,
              "context": null,
              "code": "var ids = [];\ncy.get('[data-test*=\"product\"]').then($elements => {\n  $elements.each((index, element) => {\n    const productId = Cypress.$(element).attr(\"data-test\");\n    ids.push(productId);\n  });\n  /* eslint-disable */\n  console.log(...oo_oo(`2041321438_27_6_27_22_4`, ids));\n  cy.get(`[data-test=\"${ids[0]}\"] > .card-img-wrapper > .card-img-top`).click();\n  cy.go(\"back\");\n  cy.get(`[data-test=\"${ids[0]}\"] > .card-img-wrapper > .card-img-top`).should(\"be.visible\");\n});",
              "err": {},
              "uuid": "74c4a298-c6c7-440b-8676-12a7cf2c003c",
              "parentUUID": "dca71113-c03c-4903-bf57-b599b2273143",
              "isHook": false,
              "skipped": false
            },
            {
              "title": "Should be able to navigate between pages",
              "fullTitle": "HomePage Should be able to navigate between pages",
              "timedOut": null,
              "duration": 2766,
              "state": "passed",
              "speed": "fast",
              "pass": true,
              "fail": false,
              "pending": false,
              "context": null,
              "code": "cy.get(\".ngx-pagination > :nth-child(4) > a\").click();\ncy.get(\".ngx-pagination > :nth-child(5) > a\").click();\ncy.get(\".ngx-pagination > :nth-child(3) > a\").click();",
              "err": {},
              "uuid": "92323eeb-28c8-4ec1-938f-9cabb5043762",
              "parentUUID": "dca71113-c03c-4903-bf57-b599b2273143",
              "isHook": false,
              "skipped": false
            }
          ],
          "suites": [],
          "passes": [
            "74c4a298-c6c7-440b-8676-12a7cf2c003c",
            "92323eeb-28c8-4ec1-938f-9cabb5043762"
          ],
          "failures": [
            "df082d61-eaad-4862-b074-65a5b4491961"
          ],
          "pending": [],
          "skipped": [],
          "duration": 12652,
          "root": false,
          "rootEmpty": false,
          "_timeout": 2000
        }
      ],
      "passes": [],
      "failures": [],
      "pending": [],
      "skipped": [],
      "duration": 0,
      "root": true,
      "rootEmpty": true,
      "_timeout": 2000
    },
    {
      "uuid": "32946728-61cd-4034-b697-88d36ae030b7",
      "title": "",
      "fullFile": "cypress/e2e/3-specs/03.Account.cy.js",
      "file": "cypress/e2e/3-specs/03.Account.cy.js",
      "beforeHooks": [],
      "afterHooks": [],
      "tests": [],
      "suites": [
        {
          "uuid": "c477542c-d15c-484d-90d1-07c039ecaa5b",
          "title": "Account",
          "fullFile": "",
          "file": "",
          "beforeHooks": [],
          "afterHooks": [],
          "tests": [
            {
              "title": "Register",
              "fullTitle": "Account Register",
              "timedOut": null,
              "duration": 5814,
              "state": "passed",
              "speed": "medium",
              "pass": true,
              "fail": false,
              "pending": false,
              "context": null,
              "code": "cy.get('[data-test=\"nav-sign-in\"]').click();\ncy.get('[data-test=\"register-link\"]').click();\ncy.get('[data-test=\"first-name\"]').type(\"Doe\");\ncy.get('[data-test=\"last-name\"]').type(\"John\");\ncy.get('[data-test=\"dob\"]').type(\"1999-10-22\");\ncy.get('[data-test=\"address\"]').type(\"Street test, 10\");\ncy.get('[data-test=\"postcode\"]').type(\"910021\");\ncy.get('[data-test=\"city\"]').type(\"TestCity\");\ncy.get('[data-test=\"state\"]').type(\"TestState\");\ncy.get('[data-test=\"country\"]').select(\"Romania\");\ncy.get('[data-test=\"phone\"]').type(\"0700000000\");\ncy.get('[data-test=\"email\"]').type(\"John.Doe.Demo.Vlad@example.com\");\ncy.get('[data-test=\"password\"]').type(\"JohnDoePass\");\ncy.get('[data-test=\"register-submit\"]').click();",
              "err": {},
              "uuid": "4260442b-ae18-482a-8720-180c4000cb82",
              "parentUUID": "c477542c-d15c-484d-90d1-07c039ecaa5b",
              "isHook": false,
              "skipped": false
            },
            {
              "title": "Register -> This email address already exists.",
              "fullTitle": "Account Register -> This email address already exists.",
              "timedOut": null,
              "duration": 9297,
              "state": "failed",
              "speed": null,
              "pass": false,
              "fail": true,
              "pending": false,
              "context": null,
              "code": "cy.get('[data-test=\"nav-sign-in\"]').click();\ncy.get('[data-test=\"register-link\"]').click();\ncy.get('[data-test=\"first-name\"]').type(\"Doe\");\ncy.get('[data-test=\"last-name\"]').type(\"John\");\ncy.get('[data-test=\"dob\"]').type(\"1999-10-22\");\ncy.get('[data-test=\"address\"]').type(\"Street test, 10\");\ncy.get('[data-test=\"postcode\"]').type(\"910021\");\ncy.get('[data-test=\"city\"]').type(\"TestCity\");\ncy.get('[data-test=\"state\"]').type(\"TestState\");\ncy.get('[data-test=\"country\"]').select(\"Romania\");\ncy.get('[data-test=\"phone\"]').type(\"0700000000\");\ncy.get('[data-test=\"email\"]').type(\"John.Doe.Demo.Vlad@example.com\");\ncy.get('[data-test=\"password\"]').type(\"JohnDoePass\");\ncy.get('[data-test=\"register-submit\"]').click();\ncy.get('[data-test=\"register-error\"]').should(\"be.visible\");",
              "err": {
                "message": "AssertionError: Timed out retrying after 4000ms: Expected to find element: `[data-test=\"register-error\"]`, but never found it.",
                "estack": "AssertionError: Timed out retrying after 4000ms: Expected to find element: `[data-test=\"register-error\"]`, but never found it.\n    at Context.eval (webpack://cypress-test/./cypress/e2e/3-specs/03.Account.cy.js:37:43)",
                "diff": null
              },
              "uuid": "c666182e-6f7c-43f5-9787-b34f83bd34b6",
              "parentUUID": "c477542c-d15c-484d-90d1-07c039ecaa5b",
              "isHook": false,
              "skipped": false
            },
            {
              "title": "Login wrong account",
              "fullTitle": "Account Login wrong account",
              "timedOut": null,
              "duration": 3972,
              "state": "passed",
              "speed": "fast",
              "pass": true,
              "fail": false,
              "pending": false,
              "context": null,
              "code": "cy.get('[data-test=\"nav-sign-in\"]').click();\ncy.get('[data-test=\"email\"]').type(\"John.Doe@example.com\");\ncy.get('[data-test=\"password\"]').type(\"JohnDoe\");\ncy.get('[data-test=\"login-submit\"]').click();\ncy.get('[data-test=\"login-error\"]').should(\"be.visible\");",
              "err": {},
              "uuid": "9da52d35-b1b8-43ba-a8ec-e0f1df900403",
              "parentUUID": "c477542c-d15c-484d-90d1-07c039ecaa5b",
              "isHook": false,
              "skipped": false
            },
            {
              "title": "Login real account and Sign Out",
              "fullTitle": "Account Login real account and Sign Out",
              "timedOut": null,
              "duration": 4946,
              "state": "passed",
              "speed": "fast",
              "pass": true,
              "fail": false,
              "pending": false,
              "context": null,
              "code": "cy.login();\ncy.get('[data-test=\"nav-user-menu\"]').click();\ncy.get('[data-test=\"nav-sign-out\"]').click();",
              "err": {},
              "uuid": "a7b00736-f39d-4bca-9e22-b3c187ce7a5f",
              "parentUUID": "c477542c-d15c-484d-90d1-07c039ecaa5b",
              "isHook": false,
              "skipped": false
            }
          ],
          "suites": [],
          "passes": [
            "4260442b-ae18-482a-8720-180c4000cb82",
            "9da52d35-b1b8-43ba-a8ec-e0f1df900403",
            "a7b00736-f39d-4bca-9e22-b3c187ce7a5f"
          ],
          "failures": [
            "c666182e-6f7c-43f5-9787-b34f83bd34b6"
          ],
          "pending": [],
          "skipped": [],
          "duration": 24029,
          "root": false,
          "rootEmpty": false,
          "_timeout": 2000
        }
      ],
      "passes": [],
      "failures": [],
      "pending": [],
      "skipped": [],
      "duration": 0,
      "root": true,
      "rootEmpty": true,
      "_timeout": 2000
    },
    {
      "uuid": "55fb73c3-bbcf-46d2-ab35-4a6c081ae4e4",
      "title": "",
      "fullFile": "cypress/e2e/3-specs/04.Contact.cy.js",
      "file": "cypress/e2e/3-specs/04.Contact.cy.js",
      "beforeHooks": [],
      "afterHooks": [],
      "tests": [],
      "suites": [
        {
          "uuid": "90a1c73b-843c-47a2-98f1-010ac1095bd3",
          "title": "Contact",
          "fullFile": "",
          "file": "",
          "beforeHooks": [],
          "afterHooks": [],
          "tests": [
            {
              "title": "Message shorther",
              "fullTitle": "Contact Message shorther",
              "timedOut": null,
              "duration": 4054,
              "state": "passed",
              "speed": "fast",
              "pass": true,
              "fail": false,
              "pending": false,
              "context": null,
              "code": "cy.get('[data-test=\"first-name\"]').type(\"Doe\");\ncy.get('[data-test=\"last-name\"]').type(\"John\");\ncy.get('[data-test=\"email\"]').type(\"John.Doe@example.com\");\ncy.get('[data-test=\"subject\"]').select(\"Webmaster\");\ncy.get('[data-test=\"message\"]').type(\"This is a test message.\\n Ignore it.\");\ncy.get('[data-test=\"contact-submit\"]').click();\ncy.get('[data-test=\"message-error\"]').should(\"contain\", \"Message must be minimal 50 characters\");",
              "err": {},
              "uuid": "b8fe92ef-62bd-4b62-9c16-b833dc81818b",
              "parentUUID": "90a1c73b-843c-47a2-98f1-010ac1095bd3",
              "isHook": false,
              "skipped": false
            },
            {
              "title": "No firstname",
              "fullTitle": "Contact No firstname",
              "timedOut": null,
              "duration": 4746,
              "state": "passed",
              "speed": "fast",
              "pass": true,
              "fail": false,
              "pending": false,
              "context": null,
              "code": "cy.get('[data-test=\"last-name\"]').type(\"John\");\ncy.get('[data-test=\"email\"]').type(\"John.Doe@example.com\");\ncy.get('[data-test=\"subject\"]').select(\"Webmaster\");\ncy.get('[data-test=\"message\"]').type(\"This is a test message.\\n Ignore it.\\n Lorem ipsum dolor sit amet, consectetur adipiscing elit. Ut nisl arcu, mattis vel ex in, interdum dictum metus.\");\ncy.get('[data-test=\"contact-submit\"]').click();\ncy.get('[data-test=\"first-name-error\"]').should(\"be.visible\");",
              "err": {},
              "uuid": "d29e1024-9919-40d2-83a3-3131144ae2b6",
              "parentUUID": "90a1c73b-843c-47a2-98f1-010ac1095bd3",
              "isHook": false,
              "skipped": false
            },
            {
              "title": "No lastName",
              "fullTitle": "Contact No lastName",
              "timedOut": null,
              "duration": 5119,
              "state": "passed",
              "speed": "medium",
              "pass": true,
              "fail": false,
              "pending": false,
              "context": null,
              "code": "cy.get('[data-test=\"first-name\"]').type(\"Doe\");\ncy.get('[data-test=\"email\"]').type(\"John.Doe@example.com\");\ncy.get('[data-test=\"subject\"]').select(\"Webmaster\");\ncy.get('[data-test=\"message\"]').type(\"This is a test message.\\n Ignore it.\\n Lorem ipsum dolor sit amet, consectetur adipiscing elit. Ut nisl arcu, mattis vel ex in, interdum dictum metus.\");\ncy.get('[data-test=\"contact-submit\"]').click();\ncy.get('[data-test=\"last-name-error\"]').should(\"be.visible\");",
              "err": {},
              "uuid": "db44be8d-5f94-45e2-8b73-58013ac41554",
              "parentUUID": "90a1c73b-843c-47a2-98f1-010ac1095bd3",
              "isHook": false,
              "skipped": false
            },
            {
              "title": "No email",
              "fullTitle": "Contact No email",
              "timedOut": null,
              "duration": 4944,
              "state": "passed",
              "speed": "fast",
              "pass": true,
              "fail": false,
              "pending": false,
              "context": null,
              "code": "cy.get('[data-test=\"first-name\"]').type(\"Doe\");\ncy.get('[data-test=\"last-name\"]').type(\"John\");\ncy.get('[data-test=\"subject\"]').select(\"Webmaster\");\ncy.get('[data-test=\"message\"]').type(\"This is a test message.\\n Ignore it.\\n Lorem ipsum dolor sit amet, consectetur adipiscing elit. Ut nisl arcu, mattis vel ex in, interdum dictum metus.\");\ncy.get('[data-test=\"contact-submit\"]').click();\ncy.get('[data-test=\"email-error\"]').should(\"be.visible\");",
              "err": {},
              "uuid": "7863f89e-de62-4e46-b2ff-516d40e57721",
              "parentUUID": "90a1c73b-843c-47a2-98f1-010ac1095bd3",
              "isHook": false,
              "skipped": false
            },
            {
              "title": "No subject",
              "fullTitle": "Contact No subject",
              "timedOut": null,
              "duration": 5202,
              "state": "passed",
              "speed": "medium",
              "pass": true,
              "fail": false,
              "pending": false,
              "context": null,
              "code": "cy.get('[data-test=\"first-name\"]').type(\"Doe\");\ncy.get('[data-test=\"last-name\"]').type(\"John\");\ncy.get('[data-test=\"email\"]').type(\"John.Doe@example.com\");\ncy.get('[data-test=\"message\"]').type(\"This is a test message.\\n Ignore it.\\n Lorem ipsum dolor sit amet, consectetur adipiscing elit. Ut nisl arcu, mattis vel ex in, interdum dictum metus.\");\ncy.get('[data-test=\"contact-submit\"]').click();\ncy.get('[data-test=\"subject-error\"]').should(\"be.visible\");",
              "err": {},
              "uuid": "2f140437-e4dd-43d4-a505-e071caa017b6",
              "parentUUID": "90a1c73b-843c-47a2-98f1-010ac1095bd3",
              "isHook": false,
              "skipped": false
            },
            {
              "title": "Shoud be able to send a message with contact form",
              "fullTitle": "Contact Shoud be able to send a message with contact form",
              "timedOut": null,
              "duration": 5652,
              "state": "passed",
              "speed": "medium",
              "pass": true,
              "fail": false,
              "pending": false,
              "context": null,
              "code": "cy.get('[data-test=\"first-name\"]').type(\"Doe\");\ncy.get('[data-test=\"last-name\"]').type(\"John\");\ncy.get('[data-test=\"email\"]').type(\"John.Doe@example.com\");\ncy.get('[data-test=\"subject\"]').select(\"Webmaster\");\ncy.get('[data-test=\"message\"]').type(\"This is a test message.\\n Ignore it.\\n Lorem ipsum dolor sit amet, consectetur adipiscing elit. Ut nisl arcu, mattis vel ex in, interdum dictum metus.\");\ncy.get('[data-test=\"contact-submit\"]').click();\ncy.get(\".alert\").should(\"contain\", \"Thanks for your message! We will contact you shortly.\");",
              "err": {},
              "uuid": "0bee908d-168f-4863-8a9c-df0b832b9e7c",
              "parentUUID": "90a1c73b-843c-47a2-98f1-010ac1095bd3",
              "isHook": false,
              "skipped": false
            }
          ],
          "suites": [],
          "passes": [
            "b8fe92ef-62bd-4b62-9c16-b833dc81818b",
            "d29e1024-9919-40d2-83a3-3131144ae2b6",
            "db44be8d-5f94-45e2-8b73-58013ac41554",
            "7863f89e-de62-4e46-b2ff-516d40e57721",
            "2f140437-e4dd-43d4-a505-e071caa017b6",
            "0bee908d-168f-4863-8a9c-df0b832b9e7c"
          ],
          "failures": [],
          "pending": [],
          "skipped": [],
          "duration": 29717,
          "root": false,
          "rootEmpty": false,
          "_timeout": 2000
        }
      ],
      "passes": [],
      "failures": [],
      "pending": [],
      "skipped": [],
      "duration": 0,
      "root": true,
      "rootEmpty": true,
      "_timeout": 2000
    },
    {
      "uuid": "5d0973eb-9de6-4fc3-8bfd-9150d9d98260",
      "title": "",
      "fullFile": "cypress/e2e/3-specs/05.Product.cy.js",
      "file": "cypress/e2e/3-specs/05.Product.cy.js",
      "beforeHooks": [],
      "afterHooks": [],
      "tests": [],
      "suites": [
        {
          "uuid": "0a361188-4df0-480c-9038-acdfbcc834e4",
          "title": "HomePage",
          "fullFile": "",
          "file": "",
          "beforeHooks": [],
          "afterHooks": [],
          "tests": [
            {
              "title": "First Product must match description and name with backend",
              "fullTitle": "HomePage First Product must match description and name with backend",
              "timedOut": null,
              "duration": 3244,
              "state": "passed",
              "speed": "fast",
              "pass": true,
              "fail": false,
              "pending": false,
              "context": null,
              "code": "cy.get(`[data-test=\"${ids[0]}\"] > .card-img-wrapper > .card-img-top`).click();\nlet id = `${ids[0]}`.substring(8);\nlet response = await fetch(`https://api.practicesoftwaretesting.com/products/${id}`, {\n  cache: \"default\",\n  credentials: \"omit\",\n  headers: {\n    Accept: \"application/json, text/plain, */*\",\n    \"Accept-Language\": \"en-GB,en;q=0.9\",\n    \"Content-Type\": \"application/json\",\n    \"User-Agent\": \"Mozilla/5.0 (Macintosh; Intel Mac OS X 10_15_7) AppleWebKit/605.1.15 (KHTML, like Gecko) Version/17.0 Safari/605.1.15\"\n  },\n  method: \"GET\",\n  mode: \"cors\",\n  redirect: \"follow\",\n  referrer: \"https://practicesoftwaretesting.com/\",\n  referrerPolicy: \"strict-origin-when-cross-origin\"\n});\ncy.get('[data-test=\"product-name\"]').should(\"contain\", response.name);\ncy.get('[data-test=\"product-description\"]').should(\"contain\", response.description);",
              "err": {},
              "uuid": "ba8fd1d8-0b5e-4d7c-83f9-d9eb62dce621",
              "parentUUID": "0a361188-4df0-480c-9038-acdfbcc834e4",
              "isHook": false,
              "skipped": false
            },
            {
              "title": "Second Product must match description and name with backend",
              "fullTitle": "HomePage Second Product must match description and name with backend",
              "timedOut": null,
              "duration": 2563,
              "state": "passed",
              "speed": "fast",
              "pass": true,
              "fail": false,
              "pending": false,
              "context": null,
              "code": "cy.get(`[data-test=\"${ids[1]}\"] > .card-img-wrapper > .card-img-top`).click();\nlet id = `${ids[1]}`.substring(8);\nlet response = await fetch(`https://api.practicesoftwaretesting.com/products/${id}`, {\n  cache: \"default\",\n  credentials: \"omit\",\n  headers: {\n    Accept: \"application/json, text/plain, */*\",\n    \"Accept-Language\": \"en-GB,en;q=0.9\",\n    \"Content-Type\": \"application/json\",\n    \"User-Agent\": \"Mozilla/5.0 (Macintosh; Intel Mac OS X 10_15_7) AppleWebKit/605.1.15 (KHTML, like Gecko) Version/17.0 Safari/605.1.15\"\n  },\n  method: \"GET\",\n  mode: \"cors\",\n  redirect: \"follow\",\n  referrer: \"https://practicesoftwaretesting.com/\",\n  referrerPolicy: \"strict-origin-when-cross-origin\"\n});\ncy.get('[data-test=\"product-name\"]').should(\"contain\", response.name);\ncy.get('[data-test=\"product-description\"]').should(\"contain\", response.description);",
              "err": {},
              "uuid": "180f8ebd-2995-4807-81f5-9803c143997d",
              "parentUUID": "0a361188-4df0-480c-9038-acdfbcc834e4",
              "isHook": false,
              "skipped": false
            },
            {
              "title": "Can increase/decrease quantity of product",
              "fullTitle": "HomePage Can increase/decrease quantity of product",
              "timedOut": null,
              "duration": 157,
              "state": "failed",
              "speed": null,
              "pass": false,
              "fail": true,
              "pending": false,
              "context": null,
              "code": "cy.get(`[data-test=\"${ids[0]}\"] > .card-img-wrapper > .card-img-top`).click();\ncy.get('[data-test=\"increase-quantity\"]').click();\ncy.get('[data-test=\"increase-quantity\"]').click();\ncy.get('[data-test=\"quantity\"]').should(\"have.value\", 3);\ncy.get('[data-test=\"decrease-quantity\"]').click();\ncy.get('[data-test=\"quantity\"]').should(\"have.value\", 2);",
              "err": {
                "message": "TypeError: Cannot read properties of undefined (reading 'each')",
                "estack": "TypeError: Cannot read properties of undefined (reading 'each')\n    at Context.eval (webpack://cypress-test/./cypress/e2e/3-specs/05.Product.cy.js:7:16)",
                "diff": null
              },
              "uuid": "dcaa8af6-8c47-408c-bb26-42c27618e29a",
              "parentUUID": "0a361188-4df0-480c-9038-acdfbcc834e4",
              "isHook": false,
              "skipped": false
            },
            {
              "title": "Can add product to cart",
              "fullTitle": "HomePage Can add product to cart",
              "timedOut": null,
              "duration": 3495,
              "state": "passed",
              "speed": "fast",
              "pass": true,
              "fail": false,
              "pending": false,
              "context": null,
              "code": "cy.get(`[data-test=\"${ids[0]}\"] > .card-img-wrapper > .card-img-top`).click();\ncy.get('[data-test=\"add-to-cart\"]').click();\ncy.get(\".toast-body\").should(\"contain\", \"Product added to shopping cart.\");",
              "err": {},
              "uuid": "097f00be-3b03-4308-aa48-c3b03a744aa3",
              "parentUUID": "0a361188-4df0-480c-9038-acdfbcc834e4",
              "isHook": false,
              "skipped": false
            },
            {
              "title": "Can't add product to favourites (Not Loged In)",
              "fullTitle": "HomePage Can't add product to favourites (Not Loged In)",
              "timedOut": null,
              "duration": 3625,
              "state": "passed",
              "speed": "fast",
              "pass": true,
              "fail": false,
              "pending": false,
              "context": null,
              "code": "cy.get(`[data-test=\"${ids[0]}\"] > .card-img-wrapper > .card-img-top`).click();\ncy.get('[data-test=\"add-to-favorites\"]').click();\ncy.get(\".toast-body\").should(\"contain\", \"Unauthorized, can not add product to your favorite list.\");",
              "err": {},
              "uuid": "5dfc2474-7b31-4806-9517-f5bbe1736b01",
              "parentUUID": "0a361188-4df0-480c-9038-acdfbcc834e4",
              "isHook": false,
              "skipped": false
            },
            {
              "title": "Can add product to favourites",
              "fullTitle": "HomePage Can add product to favourites",
              "timedOut": null,
              "duration": 6526,
              "state": "passed",
              "speed": "medium",
              "pass": true,
              "fail": false,
              "pending": false,
              "context": null,
              "code": "cy.login();\ncy.visit(\"https://practicesoftwaretesting.com/#/\");\ncy.get(`[data-test=\"${ids[0]}\"] > .card-img-wrapper > .card-img-top`).click();\ncy.get('[data-test=\"add-to-favorites\"]').click();\ncy.get(\".toast-body\").should(\"contain\", \"favorite\");",
              "err": {},
              "uuid": "d066f043-42a2-4587-b70e-cb974ab62cc8",
              "parentUUID": "0a361188-4df0-480c-9038-acdfbcc834e4",
              "isHook": false,
              "skipped": false
            }
          ],
          "suites": [],
          "passes": [
            "ba8fd1d8-0b5e-4d7c-83f9-d9eb62dce621",
            "180f8ebd-2995-4807-81f5-9803c143997d",
            "097f00be-3b03-4308-aa48-c3b03a744aa3",
            "5dfc2474-7b31-4806-9517-f5bbe1736b01",
            "d066f043-42a2-4587-b70e-cb974ab62cc8"
          ],
          "failures": [
            "dcaa8af6-8c47-408c-bb26-42c27618e29a"
          ],
          "pending": [],
          "skipped": [],
          "duration": 19610,
          "root": false,
          "rootEmpty": false,
          "_timeout": 2000
        }
      ],
      "passes": [],
      "failures": [],
      "pending": [],
      "skipped": [],
      "duration": 0,
      "root": true,
      "rootEmpty": true,
      "_timeout": 2000
    },
    {
      "uuid": "a2200b2d-97da-48a0-aaca-962de8af654e",
      "title": "",
      "fullFile": "cypress/e2e/3-specs/06.PlaceAnOrder.cy.js",
      "file": "cypress/e2e/3-specs/06.PlaceAnOrder.cy.js",
      "beforeHooks": [],
      "afterHooks": [],
      "tests": [],
      "suites": [
        {
          "uuid": "928958bd-3acb-4dfa-bd25-2f3c01b9f5f2",
          "title": "HomePage",
          "fullFile": "",
          "file": "",
          "beforeHooks": [],
          "afterHooks": [],
          "tests": [
            {
              "title": "Can place an order",
              "fullTitle": "HomePage Can place an order",
              "timedOut": null,
              "duration": 8770,
              "state": "passed",
              "speed": "medium",
              "pass": true,
              "fail": false,
              "pending": false,
              "context": null,
              "code": "cy.login();\ncy.visit(\"https://practicesoftwaretesting.com/#/\");\ncy.get(`[data-test=\"${ids[0]}\"] > .card-img-wrapper > .card-img-top`).click();\ncy.get('[data-test=\"add-to-cart\"]').click();\ncy.get('[data-test=\"nav-cart\"] > .fa').click();\ncy.get('[data-test=\"proceed-1\"]').click();\ncy.get('[data-test=\"proceed-2\"]').click();\ncy.get('[data-test=\"proceed-3\"]').click();\ncy.get('[data-test=\"payment-method\"]').select(\"Gift Card\");\ncy.get('[data-test=\"account-name\"]').type(\"John Doe\");\ncy.get('[data-test=\"account-number\"]').type(\"John Doe\");\ncy.get('[data-test=\"finish\"]').click();\ncy.get(\".help-block\").should(\"contain\", \"Payment was successful\");",
              "err": {},
              "uuid": "099ac49b-dfe1-43bc-9a84-e693be9af803",
              "parentUUID": "928958bd-3acb-4dfa-bd25-2f3c01b9f5f2",
              "isHook": false,
              "skipped": false
            }
          ],
          "suites": [],
          "passes": [
            "099ac49b-dfe1-43bc-9a84-e693be9af803"
          ],
          "failures": [],
          "pending": [],
          "skipped": [],
          "duration": 8770,
          "root": false,
          "rootEmpty": false,
          "_timeout": 2000
        }
      ],
      "passes": [],
      "failures": [],
      "pending": [],
      "skipped": [],
      "duration": 0,
      "root": true,
      "rootEmpty": true,
      "_timeout": 2000
    }
  ],
  "meta": {
    "mocha": {
      "version": "7.0.1"
    },
    "mochawesome": {
      "options": {
        "quiet": false,
        "reportFilename": "mochawesome",
        "saveHtml": false,
        "saveJson": true,
        "consoleReporter": "spec",
        "useInlineDiffs": false,
        "code": true
      },
      "version": "7.1.3"
    },
    "marge": {
      "options": {
        "id": "default",
        "reportDir": "cypress/reports/mocha",
        "quite": true,
        "overwrite": false,
        "html": false,
        "json": true
      },
      "version": "6.2.0"
    }
  }
}